{
  message: 'Listening on port 9000 游游',
  level: '\x1B[32minfo\x1B[39m',
  timestamp: '2023:02:04 04:35:03'
}
{
  message: 'Listening on port 9000 游游',
  level: '\x1B[32minfo\x1B[39m',
  timestamp: '2023:02:04 04:36:56'
}
{
  message: 'Listening on port 9000 游游',
  level: '\x1B[32minfo\x1B[39m',
  timestamp: '2023:02:04 04:37:00'
}
{
  message: 'Listening on port 9000 游游',
  level: '\x1B[32minfo\x1B[39m',
  timestamp: '2023:02:04 04:37:32'
}
{
  message: 'Listening on port 9000 游游',
  level: '\x1B[32minfo\x1B[39m',
  timestamp: '2023:02:04 05:10:24'
}
{
  message: 'Listening on port 9000 游游',
  level: '\x1B[32minfo\x1B[39m',
  timestamp: '2023:02:04 05:10:42'
}
{
  message: 'Listening on port 9000 游游',
  level: '\x1B[32minfo\x1B[39m',
  timestamp: '2023:02:04 05:10:47'
}
{
  message: 'Listening on port 9000 游游',
  level: '\x1B[32minfo\x1B[39m',
  timestamp: '2023:02:04 05:16:52'
}
{
  message: 'Database connected successfully! 九九',
  level: '\x1B[32minfo\x1B[39m',
  timestamp: '2023:02:04 05:16:52'
}
{
  message: 'Listening on port 9000 游游',
  level: '\x1B[32minfo\x1B[39m',
  timestamp: '2023:02:04 05:20:04'
}
{
  message: 'Database connected successfully! 九九',
  level: '\x1B[32minfo\x1B[39m',
  timestamp: '2023:02:04 05:20:04'
}
{
  message: 'Listening on port 9000 游游',
  level: '\x1B[32minfo\x1B[39m',
  timestamp: '2023:02:04 05:20:32'
}
{
  message: 'Database connected successfully! 九九',
  level: '\x1B[32minfo\x1B[39m',
  timestamp: '2023:02:04 05:20:32'
}
{
  message: 'Listening on port 9000 游游',
  level: '\x1B[32minfo\x1B[39m',
  timestamp: '2023:02:04 05:20:41'
}
{
  message: 'Database connected successfully! 九九',
  level: '\x1B[32minfo\x1B[39m',
  timestamp: '2023:02:04 05:20:41'
}
{
  message: 'Listening on port 9000 游游',
  level: '\x1B[32minfo\x1B[39m',
  timestamp: '2023:02:04 05:20:56'
}
{
  message: 'Database connected successfully! 九九',
  level: '\x1B[32minfo\x1B[39m',
  timestamp: '2023:02:04 05:20:56'
}
{
  message: 'Listening on port 9000 游游',
  level: '\x1B[32minfo\x1B[39m',
  timestamp: '2023:02:04 05:21:00'
}
{
  message: 'Database connected successfully! 九九',
  level: '\x1B[32minfo\x1B[39m',
  timestamp: '2023:02:04 05:21:00'
}
{
  message: 'Listening on port 9000 游游',
  level: '\x1B[32minfo\x1B[39m',
  timestamp: '2023:02:04 05:21:10'
}
{
  message: 'Database connected successfully! 九九',
  level: '\x1B[32minfo\x1B[39m',
  timestamp: '2023:02:04 05:21:10'
}
{
  message: 'Listening on port 9000 游游',
  level: '\x1B[32minfo\x1B[39m',
  timestamp: '2023:02:04 05:22:02'
}
{
  message: 'Database connected successfully! 九九',
  level: '\x1B[32minfo\x1B[39m',
  timestamp: '2023:02:04 05:22:02'
}
{
  message: 'Listening on port 9000 游游',
  level: '\x1B[32minfo\x1B[39m',
  timestamp: '2023:02:04 05:22:12'
}
{
  message: 'Database connected successfully! 九九',
  level: '\x1B[32minfo\x1B[39m',
  timestamp: '2023:02:04 05:22:12'
}
{
  message: 'Listening on port 9000 游游',
  level: '\x1B[32minfo\x1B[39m',
  timestamp: '2023:02:04 05:22:21'
}
{
  message: 'Database connected successfully! 九九',
  level: '\x1B[32minfo\x1B[39m',
  timestamp: '2023:02:04 05:22:21'
}
{
  message: 'Listening on port 9000 游游',
  level: '\x1B[32minfo\x1B[39m',
  timestamp: '2023:02:04 05:22:35'
}
{
  message: 'Database connected successfully! 九九',
  level: '\x1B[32minfo\x1B[39m',
  timestamp: '2023:02:04 05:22:35'
}
{
  message: 'Listening on port 9000 游游',
  level: '\x1B[32minfo\x1B[39m',
  timestamp: '2023:02:04 05:22:38'
}
{
  message: 'Database connected successfully! 九九',
  level: '\x1B[32minfo\x1B[39m',
  timestamp: '2023:02:04 05:22:38'
}
{
  message: 'Listening on port 9000 游游',
  level: '\x1B[32minfo\x1B[39m',
  timestamp: '2023:02:04 05:22:50'
}
{
  message: 'Database connected successfully! 九九',
  level: '\x1B[32minfo\x1B[39m',
  timestamp: '2023:02:04 05:22:50'
}
{
  message: 'Listening on port 9000 游游',
  level: '\x1B[32minfo\x1B[39m',
  timestamp: '2023:02:04 05:23:04'
}
{
  message: 'Database connected successfully! 九九',
  level: '\x1B[32minfo\x1B[39m',
  timestamp: '2023:02:04 05:23:04'
}
{
  message: 'Listening on port 9000 游游',
  level: '\x1B[32minfo\x1B[39m',
  timestamp: '2023:02:04 05:23:18'
}
{
  message: 'Database connected successfully! 九九',
  level: '\x1B[32minfo\x1B[39m',
  timestamp: '2023:02:04 05:23:18'
}
{
  message: 'Listening on port 9000 游游',
  level: '\x1B[32minfo\x1B[39m',
  timestamp: '2023:02:04 05:23:23'
}
{
  message: 'Database connected successfully! 九九',
  level: '\x1B[32minfo\x1B[39m',
  timestamp: '2023:02:04 05:23:23'
}
{
  message: 'Listening on port 9000 游游',
  level: '\x1B[32minfo\x1B[39m',
  timestamp: '2023:02:04 05:23:43'
}
{
  message: 'Database connected successfully! 九九',
  level: '\x1B[32minfo\x1B[39m',
  timestamp: '2023:02:04 05:23:43'
}
{
  message: 'Listening on port 9000 游游',
  level: '\x1B[32minfo\x1B[39m',
  timestamp: '2023:02:04 05:24:01'
}
{
  message: 'Database connected successfully! 九九',
  level: '\x1B[32minfo\x1B[39m',
  timestamp: '2023:02:04 05:24:01'
}
{
  message: 'Listening on port 9000 游游',
  level: '\x1B[32minfo\x1B[39m',
  timestamp: '2023:02:04 05:24:57'
}
{
  message: 'Database connected successfully! 九九',
  level: '\x1B[32minfo\x1B[39m',
  timestamp: '2023:02:04 05:24:57'
}
{
  message: 'Listening on port 9000 游游',
  level: '\x1B[32minfo\x1B[39m',
  timestamp: '2023:02:04 05:25:24'
}
{
  message: 'Database connected successfully! 九九',
  level: '\x1B[32minfo\x1B[39m',
  timestamp: '2023:02:04 05:25:24'
}
{
  message: 'Listening on port 9000 游游',
  level: '\x1B[32minfo\x1B[39m',
  timestamp: '2023:02:04 05:25:28'
}
{
  message: 'Database connected successfully! 九九',
  level: '\x1B[32minfo\x1B[39m',
  timestamp: '2023:02:04 05:25:28'
}
{
  message: 'Listening on port 9000 游游',
  level: '\x1B[32minfo\x1B[39m',
  timestamp: '2023:02:04 05:26:37'
}
{
  message: 'Database connected successfully! 九九',
  level: '\x1B[32minfo\x1B[39m',
  timestamp: '2023:02:04 05:26:37'
}
{
  message: 'Listening on port 9000 游游',
  level: '\x1B[32minfo\x1B[39m',
  timestamp: '2023:02:04 05:26:43'
}
{
  message: 'Database connected successfully! 九九',
  level: '\x1B[32minfo\x1B[39m',
  timestamp: '2023:02:04 05:26:43'
}
{
  message: 'Listening on port 9000 游游',
  level: '\x1B[32minfo\x1B[39m',
  timestamp: '2023:02:04 05:26:58'
}
{
  message: 'Database connected successfully! 九九',
  level: '\x1B[32minfo\x1B[39m',
  timestamp: '2023:02:04 05:26:58'
}
{
  message: 'Listening on port 9000 游游',
  level: '\x1B[32minfo\x1B[39m',
  timestamp: '2023:02:04 05:26:59'
}
{
  message: 'Database connected successfully! 九九',
  level: '\x1B[32minfo\x1B[39m',
  timestamp: '2023:02:04 05:26:59'
}
{
  message: 'Listening on port 9000 游游',
  level: '\x1B[32minfo\x1B[39m',
  timestamp: '2023:02:04 05:27:08'
}
{
  message: 'Database connected successfully! 九九',
  level: '\x1B[32minfo\x1B[39m',
  timestamp: '2023:02:04 05:27:08'
}
{
  message: 'Listening on port 9000 游游',
  level: '\x1B[32minfo\x1B[39m',
  timestamp: '2023:02:04 05:27:20'
}
{
  message: 'Database connected successfully! 九九',
  level: '\x1B[32minfo\x1B[39m',
  timestamp: '2023:02:04 05:27:20'
}
{
  message: 'Listening on port 9000 游游',
  level: '\x1B[32minfo\x1B[39m',
  timestamp: '2023:02:04 05:27:26'
}
{
  message: 'Database connected successfully! 九九',
  level: '\x1B[32minfo\x1B[39m',
  timestamp: '2023:02:04 05:27:26'
}
{
  message: 'Listening on port 9000 游游',
  level: '\x1B[32minfo\x1B[39m',
  timestamp: '2023:02:04 05:27:29'
}
{
  message: 'Database connected successfully! 九九',
  level: '\x1B[32minfo\x1B[39m',
  timestamp: '2023:02:04 05:27:29'
}
{
  status: 501,
  message: 'The route your looking for is not implemented!',
  error: 'Not implemented!',
  level: '\x1B[31merror\x1B[39m',
  timestamp: '2023:02:04 05:28:49'
}
{
  message: 'Listening on port 9000 游游',
  level: '\x1B[32minfo\x1B[39m',
  timestamp: '2023:02:04 05:29:17'
}
{
  message: 'Database connected successfully! 九九',
  level: '\x1B[32minfo\x1B[39m',
  timestamp: '2023:02:04 05:29:17'
}
{
  message: 'Listening on port 9000 游游',
  level: '\x1B[32minfo\x1B[39m',
  timestamp: '2023:02:04 05:36:08'
}
{
  message: 'Database connected successfully! 九九',
  level: '\x1B[32minfo\x1B[39m',
  timestamp: '2023:02:04 05:36:08'
}
{
  message: 'Listening on port 9000 游游',
  level: '\x1B[32minfo\x1B[39m',
  timestamp: '2023:02:04 05:36:15'
}
{
  message: 'Database connected successfully! 九九',
  level: '\x1B[32minfo\x1B[39m',
  timestamp: '2023:02:04 05:36:15'
}
{
  message: 'Listening on port 9000 游游',
  level: '\x1B[32minfo\x1B[39m',
  timestamp: '2023:02:04 05:36:19'
}
{
  message: 'Database connected successfully! 九九',
  level: '\x1B[32minfo\x1B[39m',
  timestamp: '2023:02:04 05:36:19'
}
{
  message: 'Listening on port 9000 游游',
  level: '\x1B[32minfo\x1B[39m',
  timestamp: '2023:02:04 05:37:40'
}
{
  message: 'Database connected successfully! 九九',
  level: '\x1B[32minfo\x1B[39m',
  timestamp: '2023:02:04 05:37:40'
}
{
  message: 'Listening on port 9000 游游',
  level: '\x1B[32minfo\x1B[39m',
  timestamp: '2023:02:04 05:39:34'
}
{
  message: 'Database connected successfully! 九九',
  level: '\x1B[32minfo\x1B[39m',
  timestamp: '2023:02:04 05:39:34'
}
{
  message: 'Listening on port 9000 游游',
  level: '\x1B[32minfo\x1B[39m',
  timestamp: '2023:02:04 05:39:48'
}
{
  message: 'Database connected successfully! 九九',
  level: '\x1B[32minfo\x1B[39m',
  timestamp: '2023:02:04 05:39:48'
}
{
  message: 'Listening on port 9000 游游',
  level: '\x1B[32minfo\x1B[39m',
  timestamp: '2023:02:04 05:40:05'
}
{
  message: 'Database connected successfully! 九九',
  level: '\x1B[32minfo\x1B[39m',
  timestamp: '2023:02:04 05:40:05'
}
{
  message: 'Listening on port 9000 游游',
  level: '\x1B[32minfo\x1B[39m',
  timestamp: '2023:02:04 05:40:17'
}
{
  message: 'Database connected successfully! 九九',
  level: '\x1B[32minfo\x1B[39m',
  timestamp: '2023:02:04 05:40:17'
}
{
  message: 'Listening on port 9000 游游',
  level: '\x1B[32minfo\x1B[39m',
  timestamp: '2023:02:04 05:41:18'
}
{
  message: 'Database connected successfully! 九九',
  level: '\x1B[32minfo\x1B[39m',
  timestamp: '2023:02:04 05:41:18'
}
{
  message: 'Listening on port 9000 游游',
  level: '\x1B[32minfo\x1B[39m',
  timestamp: '2023:02:04 05:41:23'
}
{
  message: 'Database connected successfully! 九九',
  level: '\x1B[32minfo\x1B[39m',
  timestamp: '2023:02:04 05:41:23'
}
{
  message: 'Listening on port 9000 游游',
  level: '\x1B[32minfo\x1B[39m',
  timestamp: '2023:02:04 05:41:34'
}
{
  message: 'Database connected successfully! 九九',
  level: '\x1B[32minfo\x1B[39m',
  timestamp: '2023:02:04 05:41:34'
}
{
  message: 'Listening on port 9000 游游',
  level: '\x1B[32minfo\x1B[39m',
  timestamp: '2023:02:04 05:41:37'
}
{
  message: 'Database connected successfully! 九九',
  level: '\x1B[32minfo\x1B[39m',
  timestamp: '2023:02:04 05:41:37'
}
{
  message: 'Listening on port 9000 游游',
  level: '\x1B[32minfo\x1B[39m',
  timestamp: '2023:02:04 05:41:40'
}
{
  message: 'Database connected successfully! 九九',
  level: '\x1B[32minfo\x1B[39m',
  timestamp: '2023:02:04 05:41:40'
}
{
  message: 'Listening on port 9000 游游',
  level: '\x1B[32minfo\x1B[39m',
  timestamp: '2023:02:04 05:41:48'
}
{
  message: 'Database connected successfully! 九九',
  level: '\x1B[32minfo\x1B[39m',
  timestamp: '2023:02:04 05:41:48'
}
{
  message: 'Listening on port 9000 游游',
  level: '\x1B[32minfo\x1B[39m',
  timestamp: '2023:02:04 05:41:51'
}
{
  message: 'Database connected successfully! 九九',
  level: '\x1B[32minfo\x1B[39m',
  timestamp: '2023:02:04 05:41:51'
}
{
  message: 'Listening on port 9000 游游',
  level: '\x1B[32minfo\x1B[39m',
  timestamp: '2023:02:04 05:42:14'
}
{
  message: 'Database connected successfully! 九九',
  level: '\x1B[32minfo\x1B[39m',
  timestamp: '2023:02:04 05:42:14'
}
{
  message: 'Listening on port 9000 游游',
  level: '\x1B[32minfo\x1B[39m',
  timestamp: '2023:02:04 05:42:25'
}
{
  message: 'Database connected successfully! 九九',
  level: '\x1B[32minfo\x1B[39m',
  timestamp: '2023:02:04 05:42:25'
}
{
  message: 'Listening on port 9000 游游',
  level: '\x1B[32minfo\x1B[39m',
  timestamp: '2023:02:04 05:42:32'
}
{
  message: 'Database connected successfully! 九九',
  level: '\x1B[32minfo\x1B[39m',
  timestamp: '2023:02:04 05:42:32'
}
{
  message: 'Listening on port 9000 游游',
  level: '\x1B[32minfo\x1B[39m',
  timestamp: '2023:02:04 05:42:33'
}
{
  message: 'Database connected successfully! 九九',
  level: '\x1B[32minfo\x1B[39m',
  timestamp: '2023:02:04 05:42:33'
}
{
  message: 'Listening on port 9000 游游',
  level: '\x1B[32minfo\x1B[39m',
  timestamp: '2023:02:04 05:44:01'
}
{
  message: 'Database connected successfully! 九九',
  level: '\x1B[32minfo\x1B[39m',
  timestamp: '2023:02:04 05:44:01'
}
{
  message: 'Listening on port 9000 游游',
  level: '\x1B[32minfo\x1B[39m',
  timestamp: '2023:02:04 05:44:18'
}
{
  message: 'Database connected successfully! 九九',
  level: '\x1B[32minfo\x1B[39m',
  timestamp: '2023:02:04 05:44:18'
}
{
  message: 'Listening on port 9000 游游',
  level: '\x1B[32minfo\x1B[39m',
  timestamp: '2023:02:04 05:44:29'
}
{
  message: 'Database connected successfully! 九九',
  level: '\x1B[32minfo\x1B[39m',
  timestamp: '2023:02:04 05:44:29'
}
{
  message: 'Listening on port 9000 游游',
  level: '\x1B[32minfo\x1B[39m',
  timestamp: '2023:02:04 05:44:39'
}
{
  message: 'Database connected successfully! 九九',
  level: '\x1B[32minfo\x1B[39m',
  timestamp: '2023:02:04 05:44:39'
}
{
  message: 'Listening on port 9000 游游',
  level: '\x1B[32minfo\x1B[39m',
  timestamp: '2023:02:04 05:46:47'
}
{
  message: 'Database connected successfully! 九九',
  level: '\x1B[32minfo\x1B[39m',
  timestamp: '2023:02:04 05:46:47'
}
{
  message: 'Listening on port 9000 游游',
  level: '\x1B[32minfo\x1B[39m',
  timestamp: '2023:02:04 05:47:01'
}
{
  message: 'Database connected successfully! 九九',
  level: '\x1B[32minfo\x1B[39m',
  timestamp: '2023:02:04 05:47:01'
}
{
  message: 'Listening on port 9000 游游',
  level: '\x1B[32minfo\x1B[39m',
  timestamp: '2023:02:04 05:47:23'
}
{
  message: 'Database connected successfully! 九九',
  level: '\x1B[32minfo\x1B[39m',
  timestamp: '2023:02:04 05:47:23'
}
{
  message: 'Listening on port 9000 游游',
  level: '\x1B[32minfo\x1B[39m',
  timestamp: '2023:02:04 05:47:58'
}
{
  message: 'Database connected successfully! 九九',
  level: '\x1B[32minfo\x1B[39m',
  timestamp: '2023:02:04 05:47:58'
}
{
  message: 'Listening on port 9000 游游',
  level: '\x1B[32minfo\x1B[39m',
  timestamp: '2023:02:04 05:48:04'
}
{
  message: 'Database connected successfully! 九九',
  level: '\x1B[32minfo\x1B[39m',
  timestamp: '2023:02:04 05:48:04'
}
{
  message: 'Listening on port 9000 游游',
  level: '\x1B[32minfo\x1B[39m',
  timestamp: '2023:02:04 05:48:13'
}
{
  message: 'Database connected successfully! 九九',
  level: '\x1B[32minfo\x1B[39m',
  timestamp: '2023:02:04 05:48:13'
}
{
  message: 'Listening on port 9000 游游',
  level: '\x1B[32minfo\x1B[39m',
  timestamp: '2023:02:04 05:48:28'
}
{
  message: 'Database connected successfully! 九九',
  level: '\x1B[32minfo\x1B[39m',
  timestamp: '2023:02:04 05:48:28'
}
{
  message: 'Listening on port 9000 游游',
  level: '\x1B[32minfo\x1B[39m',
  timestamp: '2023:02:04 05:49:10'
}
{
  message: 'Database connected successfully! 九九',
  level: '\x1B[32minfo\x1B[39m',
  timestamp: '2023:02:04 05:49:10'
}
{
  status: 422,
  message: 'Unprocessable entity!',
  error: 'Unprocessable entity!',
  level: '\x1B[31merror\x1B[39m',
  timestamp: '2023:02:04 05:49:17'
}
{
  message: 'Listening on port 9000 游游',
  level: '\x1B[32minfo\x1B[39m',
  timestamp: '2023:02:04 05:50:21'
}
{
  message: 'Database connected successfully! 九九',
  level: '\x1B[32minfo\x1B[39m',
  timestamp: '2023:02:04 05:50:21'
}
{
  status: 422,
  message: 'Unprocessable entity!',
  error: 'Unprocessable entity!',
  level: '\x1B[31merror\x1B[39m',
  timestamp: '2023:02:04 05:50:23'
}
{
  message: 'Listening on port 9000 游游',
  level: '\x1B[32minfo\x1B[39m',
  timestamp: '2023:02:04 05:50:31'
}
{
  message: 'Database connected successfully! 九九',
  level: '\x1B[32minfo\x1B[39m',
  timestamp: '2023:02:04 05:50:31'
}
{
  message: 'Listening on port 9000 游游',
  level: '\x1B[32minfo\x1B[39m',
  timestamp: '2023:02:04 05:50:37'
}
{
  message: 'Database connected successfully! 九九',
  level: '\x1B[32minfo\x1B[39m',
  timestamp: '2023:02:04 05:50:37'
}
{
  status: 422,
  message: 'Unprocessable entity!',
  error: 'Unprocessable entity!',
  level: '\x1B[31merror\x1B[39m',
  timestamp: '2023:02:04 05:50:38'
}
{
  status: 422,
  message: 'Unprocessable entity!',
  error: 'Unprocessable entity!',
  level: '\x1B[31merror\x1B[39m',
  timestamp: '2023:02:04 05:50:47'
}
{
  message: 'Listening on port 9000 游游',
  level: '\x1B[32minfo\x1B[39m',
  timestamp: '2023:02:04 05:50:57'
}
{
  message: 'Database connected successfully! 九九',
  level: '\x1B[32minfo\x1B[39m',
  timestamp: '2023:02:04 05:50:57'
}
{
  status: 422,
  message: 'Unprocessable entity!',
  error: 'Unprocessable entity!',
  level: '\x1B[31merror\x1B[39m',
  timestamp: '2023:02:04 05:50:58'
}
{
  message: 'Listening on port 9000 游游',
  level: '\x1B[32minfo\x1B[39m',
  timestamp: '2023:02:04 05:51:10'
}
{
  message: 'Database connected successfully! 九九',
  level: '\x1B[32minfo\x1B[39m',
  timestamp: '2023:02:04 05:51:10'
}
{
  message: 'Listening on port 9000 游游',
  level: '\x1B[32minfo\x1B[39m',
  timestamp: '2023:02:04 05:51:26'
}
{
  message: 'Database connected successfully! 九九',
  level: '\x1B[32minfo\x1B[39m',
  timestamp: '2023:02:04 05:51:26'
}
{
  message: 'Listening on port 9000 游游',
  level: '\x1B[32minfo\x1B[39m',
  timestamp: '2023:02:04 05:51:34'
}
{
  message: 'Database connected successfully! 九九',
  level: '\x1B[32minfo\x1B[39m',
  timestamp: '2023:02:04 05:51:34'
}
{
  message: 'Listening on port 9000 游游',
  level: '\x1B[32minfo\x1B[39m',
  timestamp: '2023:02:04 05:51:56'
}
{
  message: 'Database connected successfully! 九九',
  level: '\x1B[32minfo\x1B[39m',
  timestamp: '2023:02:04 05:51:56'
}
{
  status: 422,
  message: [
    {
      code: 'too_big',
      maximum: 10,
      type: 'number',
      inclusive: true,
      exact: false,
      message: 'Number must be less than or equal to 10',
      path: [ 'phone' ]
    }
  ],
  error: 'Unprocessable entity!',
  level: '\x1B[31merror\x1B[39m',
  timestamp: '2023:02:04 05:51:58'
}
{
  message: 'Listening on port 9000 游游',
  level: '\x1B[32minfo\x1B[39m',
  timestamp: '2023:02:04 05:53:13'
}
{
  message: 'Database connected successfully! 九九',
  level: '\x1B[32minfo\x1B[39m',
  timestamp: '2023:02:04 05:53:13'
}
{
  message: 'Listening on port 9000 游游',
  level: '\x1B[32minfo\x1B[39m',
  timestamp: '2023:02:04 05:53:46'
}
{
  message: 'Database connected successfully! 九九',
  level: '\x1B[32minfo\x1B[39m',
  timestamp: '2023:02:04 05:53:46'
}
{
  message: 'Listening on port 9000 游游',
  level: '\x1B[32minfo\x1B[39m',
  timestamp: '2023:02:04 05:54:03'
}
{
  message: 'Database connected successfully! 九九',
  level: '\x1B[32minfo\x1B[39m',
  timestamp: '2023:02:04 05:54:03'
}
{
  message: 'Listening on port 9000 游游',
  level: '\x1B[32minfo\x1B[39m',
  timestamp: '2023:02:04 05:54:11'
}
{
  message: 'Database connected successfully! 九九',
  level: '\x1B[32minfo\x1B[39m',
  timestamp: '2023:02:04 05:54:11'
}
{
  message: 'Listening on port 9000 游游',
  level: '\x1B[32minfo\x1B[39m',
  timestamp: '2023:02:04 05:54:26'
}
{
  message: 'Database connected successfully! 九九',
  level: '\x1B[32minfo\x1B[39m',
  timestamp: '2023:02:04 05:54:26'
}
{
  message: 'Listening on port 9000 游游',
  level: '\x1B[32minfo\x1B[39m',
  timestamp: '2023:02:04 05:55:01'
}
{
  message: 'Database connected successfully! 九九',
  level: '\x1B[32minfo\x1B[39m',
  timestamp: '2023:02:04 05:55:01'
}
{
  message: 'Listening on port 9000 游游',
  level: '\x1B[32minfo\x1B[39m',
  timestamp: '2023:02:04 05:55:20'
}
{
  message: 'Database connected successfully! 九九',
  level: '\x1B[32minfo\x1B[39m',
  timestamp: '2023:02:04 05:55:20'
}
{
  message: 'Listening on port 9000 游游',
  level: '\x1B[32minfo\x1B[39m',
  timestamp: '2023:02:04 05:55:24'
}
{
  message: 'Database connected successfully! 九九',
  level: '\x1B[32minfo\x1B[39m',
  timestamp: '2023:02:04 05:55:24'
}
{
  message: 'Listening on port 9000 游游',
  level: '\x1B[32minfo\x1B[39m',
  timestamp: '2023:02:04 05:55:26'
}
{
  message: 'Database connected successfully! 九九',
  level: '\x1B[32minfo\x1B[39m',
  timestamp: '2023:02:04 05:55:26'
}
{
  message: 'Listening on port 9000 游游',
  level: '\x1B[32minfo\x1B[39m',
  timestamp: '2023:02:04 05:55:50'
}
{
  message: 'Database connected successfully! 九九',
  level: '\x1B[32minfo\x1B[39m',
  timestamp: '2023:02:04 05:55:50'
}
{
  message: 'Listening on port 9000 游游',
  level: '\x1B[32minfo\x1B[39m',
  timestamp: '2023:02:04 05:56:11'
}
{
  message: 'Database connected successfully! 九九',
  level: '\x1B[32minfo\x1B[39m',
  timestamp: '2023:02:04 05:56:11'
}
{
  message: 'Listening on port 9000 游游',
  level: '\x1B[32minfo\x1B[39m',
  timestamp: '2023:02:04 05:56:14'
}
{
  message: 'Database connected successfully! 九九',
  level: '\x1B[32minfo\x1B[39m',
  timestamp: '2023:02:04 05:56:14'
}
{
  message: 'Listening on port 9000 游游',
  level: '\x1B[32minfo\x1B[39m',
  timestamp: '2023:02:04 05:56:30'
}
{
  message: 'Database connected successfully! 九九',
  level: '\x1B[32minfo\x1B[39m',
  timestamp: '2023:02:04 05:56:30'
}
{
  message: 'Listening on port 9000 游游',
  level: '\x1B[32minfo\x1B[39m',
  timestamp: '2023:02:04 05:56:32'
}
{
  message: 'Database connected successfully! 九九',
  level: '\x1B[32minfo\x1B[39m',
  timestamp: '2023:02:04 05:56:32'
}
{
  message: 'Listening on port 9000 游游',
  level: '\x1B[32minfo\x1B[39m',
  timestamp: '2023:02:04 05:56:40'
}
{
  message: 'Database connected successfully! 九九',
  level: '\x1B[32minfo\x1B[39m',
  timestamp: '2023:02:04 05:56:40'
}
{
  message: 'Listening on port 9000 游游',
  level: '\x1B[32minfo\x1B[39m',
  timestamp: '2023:02:04 05:56:44'
}
{
  message: 'Database connected successfully! 九九',
  level: '\x1B[32minfo\x1B[39m',
  timestamp: '2023:02:04 05:56:44'
}
{
  status: 422,
  message: [ { message: 'Number must be less than or equal to 10' } ],
  error: 'Unprocessable entity!',
  level: '\x1B[31merror\x1B[39m',
  timestamp: '2023:02:04 05:56:46'
}
{
  message: 'Listening on port 9000 游游',
  level: '\x1B[32minfo\x1B[39m',
  timestamp: '2023:02:04 05:57:09'
}
{
  message: 'Database connected successfully! 九九',
  level: '\x1B[32minfo\x1B[39m',
  timestamp: '2023:02:04 05:57:09'
}
{
  message: 'Listening on port 9000 游游',
  level: '\x1B[32minfo\x1B[39m',
  timestamp: '2023:02:04 05:57:42'
}
{
  message: 'Database connected successfully! 九九',
  level: '\x1B[32minfo\x1B[39m',
  timestamp: '2023:02:04 05:57:42'
}
{
  message: 'Listening on port 9000 游游',
  level: '\x1B[32minfo\x1B[39m',
  timestamp: '2023:02:04 05:57:52'
}
{
  message: 'Database connected successfully! 九九',
  level: '\x1B[32minfo\x1B[39m',
  timestamp: '2023:02:04 05:57:52'
}
{
  message: 'Listening on port 9000 游游',
  level: '\x1B[32minfo\x1B[39m',
  timestamp: '2023:02:04 05:57:55'
}
{
  message: 'Database connected successfully! 九九',
  level: '\x1B[32minfo\x1B[39m',
  timestamp: '2023:02:04 05:57:55'
}
{
  status: 422,
  message: [ { message: 'Expected string, received number' } ],
  error: 'Unprocessable entity!',
  level: '\x1B[31merror\x1B[39m',
  timestamp: '2023:02:04 05:58:03'
}
{
  status: 422,
  message: [ { message: 'Phone number is required!' } ],
  error: 'Unprocessable entity!',
  level: '\x1B[31merror\x1B[39m',
  timestamp: '2023:02:04 05:58:53'
}
{
  message: 'Listening on port 9000 游游',
  level: '\x1B[32minfo\x1B[39m',
  timestamp: '2023:02:04 05:59:12'
}
{
  message: 'Database connected successfully! 九九',
  level: '\x1B[32minfo\x1B[39m',
  timestamp: '2023:02:04 05:59:12'
}
{
  message: 'Listening on port 9000 游游',
  level: '\x1B[32minfo\x1B[39m',
  timestamp: '2023:02:04 05:59:53'
}
{
  message: 'Database connected successfully! 九九',
  level: '\x1B[32minfo\x1B[39m',
  timestamp: '2023:02:04 05:59:53'
}
{
  message: 'Listening on port 9000 游游',
  level: '\x1B[32minfo\x1B[39m',
  timestamp: '2023:02:04 05:59:57'
}
{
  message: 'Database connected successfully! 九九',
  level: '\x1B[32minfo\x1B[39m',
  timestamp: '2023:02:04 05:59:57'
}
{
  message: 'Listening on port 9000 游游',
  level: '\x1B[32minfo\x1B[39m',
  timestamp: '2023:02:04 05:59:59'
}
{
  message: 'Database connected successfully! 九九',
  level: '\x1B[32minfo\x1B[39m',
  timestamp: '2023:02:04 05:59:59'
}
{
  message: 'Listening on port 9000 游游',
  level: '\x1B[32minfo\x1B[39m',
  timestamp: '2023:02:04 06:00:01'
}
{
  message: 'Database connected successfully! 九九',
  level: '\x1B[32minfo\x1B[39m',
  timestamp: '2023:02:04 06:00:01'
}
{
  message: 'Listening on port 9000 游游',
  level: '\x1B[32minfo\x1B[39m',
  timestamp: '2023:02:04 06:00:06'
}
{
  message: 'Database connected successfully! 九九',
  level: '\x1B[32minfo\x1B[39m',
  timestamp: '2023:02:04 06:00:06'
}
{
  message: 'Listening on port 9000 游游',
  level: '\x1B[32minfo\x1B[39m',
  timestamp: '2023:02:04 06:00:28'
}
{
  message: 'Database connected successfully! 九九',
  level: '\x1B[32minfo\x1B[39m',
  timestamp: '2023:02:04 06:00:28'
}
{
  message: 'Listening on port 9000 游游',
  level: '\x1B[32minfo\x1B[39m',
  timestamp: '2023:02:04 06:00:37'
}
{
  message: 'Database connected successfully! 九九',
  level: '\x1B[32minfo\x1B[39m',
  timestamp: '2023:02:04 06:00:37'
}
{
  message: 'Listening on port 9000 游游',
  level: '\x1B[32minfo\x1B[39m',
  timestamp: '2023:02:04 06:00:54'
}
{
  message: 'Database connected successfully! 九九',
  level: '\x1B[32minfo\x1B[39m',
  timestamp: '2023:02:04 06:00:54'
}
{
  message: 'Listening on port 9000 游游',
  level: '\x1B[32minfo\x1B[39m',
  timestamp: '2023:02:04 06:00:59'
}
{
  message: 'Database connected successfully! 九九',
  level: '\x1B[32minfo\x1B[39m',
  timestamp: '2023:02:04 06:00:59'
}
{
  message: 'Listening on port 9000 游游',
  level: '\x1B[32minfo\x1B[39m',
  timestamp: '2023:02:04 06:01:06'
}
{
  message: 'Database connected successfully! 九九',
  level: '\x1B[32minfo\x1B[39m',
  timestamp: '2023:02:04 06:01:06'
}
{
  message: 'Listening on port 9000 游游',
  level: '\x1B[32minfo\x1B[39m',
  timestamp: '2023:02:04 06:01:11'
}
{
  message: 'Database connected successfully! 九九',
  level: '\x1B[32minfo\x1B[39m',
  timestamp: '2023:02:04 06:01:11'
}
{
  message: 'Listening on port 9000 游游',
  level: '\x1B[32minfo\x1B[39m',
  timestamp: '2023:02:04 06:01:18'
}
{
  message: 'Database connected successfully! 九九',
  level: '\x1B[32minfo\x1B[39m',
  timestamp: '2023:02:04 06:01:18'
}
{
  message: 'Listening on port 9000 游游',
  level: '\x1B[32minfo\x1B[39m',
  timestamp: '2023:02:04 06:01:48'
}
{
  message: 'Database connected successfully! 九九',
  level: '\x1B[32minfo\x1B[39m',
  timestamp: '2023:02:04 06:01:48'
}
{
  message: 'Listening on port 9000 游游',
  level: '\x1B[32minfo\x1B[39m',
  timestamp: '2023:02:04 06:02:08'
}
{
  message: 'Database connected successfully! 九九',
  level: '\x1B[32minfo\x1B[39m',
  timestamp: '2023:02:04 06:02:08'
}
{
  message: 'Listening on port 9000 游游',
  level: '\x1B[32minfo\x1B[39m',
  timestamp: '2023:02:04 06:02:18'
}
{
  message: 'Database connected successfully! 九九',
  level: '\x1B[32minfo\x1B[39m',
  timestamp: '2023:02:04 06:02:18'
}
{
  message: 'Listening on port 9000 游游',
  level: '\x1B[32minfo\x1B[39m',
  timestamp: '2023:02:04 06:02:55'
}
{
  message: 'Database connected successfully! 九九',
  level: '\x1B[32minfo\x1B[39m',
  timestamp: '2023:02:04 06:02:55'
}
{
  message: 'Listening on port 9000 游游',
  level: '\x1B[32minfo\x1B[39m',
  timestamp: '2023:02:04 06:03:21'
}
{
  message: 'Database connected successfully! 九九',
  level: '\x1B[32minfo\x1B[39m',
  timestamp: '2023:02:04 06:03:21'
}
{
  message: 'Listening on port 9000 游游',
  level: '\x1B[32minfo\x1B[39m',
  timestamp: '2023:02:04 06:03:24'
}
{
  message: 'Database connected successfully! 九九',
  level: '\x1B[32minfo\x1B[39m',
  timestamp: '2023:02:04 06:03:24'
}
{
  message: 'Listening on port 9000 游游',
  level: '\x1B[32minfo\x1B[39m',
  timestamp: '2023:02:04 06:03:48'
}
{
  message: 'Database connected successfully! 九九',
  level: '\x1B[32minfo\x1B[39m',
  timestamp: '2023:02:04 06:03:48'
}
{
  message: 'Listening on port 9000 游游',
  level: '\x1B[32minfo\x1B[39m',
  timestamp: '2023:02:04 06:24:42'
}
{
  message: 'Database connected successfully! 九九',
  level: '\x1B[32minfo\x1B[39m',
  timestamp: '2023:02:04 06:24:42'
}
{
  message: 'Listening on port 9000 游游',
  level: '\x1B[32minfo\x1B[39m',
  timestamp: '2023:02:04 06:24:43'
}
{
  message: 'Database connected successfully! 九九',
  level: '\x1B[32minfo\x1B[39m',
  timestamp: '2023:02:04 06:24:43'
}
{
  message: 'Listening on port 9000 游游',
  level: '\x1B[32minfo\x1B[39m',
  timestamp: '2023:02:04 07:33:29'
}
{
  message: 'Database connected successfully! 九九',
  level: '\x1B[32minfo\x1B[39m',
  timestamp: '2023:02:04 07:33:29'
}
{
  message: 'Listening on port 9000 游游',
  level: '\x1B[32minfo\x1B[39m',
  timestamp: '2023:02:04 07:34:06'
}
{
  message: 'Database connected successfully! 九九',
  level: '\x1B[32minfo\x1B[39m',
  timestamp: '2023:02:04 07:34:06'
}
{
  message: 'Listening on port 9000 游游',
  level: '\x1B[32minfo\x1B[39m',
  timestamp: '2023:02:04 07:34:12'
}
{
  message: 'Database connected successfully! 九九',
  level: '\x1B[32minfo\x1B[39m',
  timestamp: '2023:02:04 07:34:12'
}
{
  message: 'Listening on port 9000 游游',
  level: '\x1B[32minfo\x1B[39m',
  timestamp: '2023:02:04 07:36:14'
}
{
  message: 'Database connected successfully! 九九',
  level: '\x1B[32minfo\x1B[39m',
  timestamp: '2023:02:04 07:36:14'
}
{
  message: 'Listening on port 9000 游游',
  level: '\x1B[32minfo\x1B[39m',
  timestamp: '2023:02:04 07:36:40'
}
{
  message: 'Database connected successfully! 九九',
  level: '\x1B[32minfo\x1B[39m',
  timestamp: '2023:02:04 07:36:40'
}
{
  message: 'Listening on port 9000 游游',
  level: '\x1B[32minfo\x1B[39m',
  timestamp: '2023:02:04 07:37:03'
}
{
  message: 'Database connected successfully! 九九',
  level: '\x1B[32minfo\x1B[39m',
  timestamp: '2023:02:04 07:37:03'
}
{
  message: 'Listening on port 9000 游游',
  level: '\x1B[32minfo\x1B[39m',
  timestamp: '2023:02:04 07:37:43'
}
{
  message: 'Database connected successfully! 九九',
  level: '\x1B[32minfo\x1B[39m',
  timestamp: '2023:02:04 07:37:43'
}
{
  message: 'Listening on port 9000 游游',
  level: '\x1B[32minfo\x1B[39m',
  timestamp: '2023:02:04 07:37:53'
}
{
  message: 'Database connected successfully! 九九',
  level: '\x1B[32minfo\x1B[39m',
  timestamp: '2023:02:04 07:37:53'
}
{
  message: 'Listening on port 9000 游游',
  level: '\x1B[32minfo\x1B[39m',
  timestamp: '2023:02:04 07:39:09'
}
{
  message: 'Database connected successfully! 九九',
  level: '\x1B[32minfo\x1B[39m',
  timestamp: '2023:02:04 07:39:09'
}
{
  message: 'Listening on port 9000 游游',
  level: '\x1B[32minfo\x1B[39m',
  timestamp: '2023:02:04 07:42:28'
}
{
  message: 'Database connected successfully! 九九',
  level: '\x1B[32minfo\x1B[39m',
  timestamp: '2023:02:04 07:42:28'
}
{
  message: 'Listening on port 9000 游游',
  level: '\x1B[32minfo\x1B[39m',
  timestamp: '2023:02:04 07:42:30'
}
{
  message: 'Database connected successfully! 九九',
  level: '\x1B[32minfo\x1B[39m',
  timestamp: '2023:02:04 07:42:30'
}
{
  message: 'Listening on port 9000 游游',
  level: '\x1B[32minfo\x1B[39m',
  timestamp: '2023:02:04 07:43:21'
}
{
  message: 'Database connected successfully! 九九',
  level: '\x1B[32minfo\x1B[39m',
  timestamp: '2023:02:04 07:43:21'
}
{
  message: 'Listening on port 9000 游游',
  level: '\x1B[32minfo\x1B[39m',
  timestamp: '2023:02:04 07:43:43'
}
{
  message: 'Database connected successfully! 九九',
  level: '\x1B[32minfo\x1B[39m',
  timestamp: '2023:02:04 07:43:43'
}
{
  status: 422,
  message: [ { message: 'Email address is required!' } ],
  error: 'Unprocessable entity!',
  level: '\x1B[31merror\x1B[39m',
  timestamp: '2023:02:04 07:43:49'
}
{
  message: 'Listening on port 9000 游游',
  level: '\x1B[32minfo\x1B[39m',
  timestamp: '2023:02:04 07:48:35'
}
{
  message: 'Database connected successfully! 九九',
  level: '\x1B[32minfo\x1B[39m',
  timestamp: '2023:02:04 07:48:35'
}
{
  message: 'Listening on port 9000 游游',
  level: '\x1B[32minfo\x1B[39m',
  timestamp: '2023:02:04 07:48:36'
}
{
  message: 'Database connected successfully! 九九',
  level: '\x1B[32minfo\x1B[39m',
  timestamp: '2023:02:04 07:48:36'
}
{
  message: 'Listening on port 9000 游游',
  level: '\x1B[32minfo\x1B[39m',
  timestamp: '2023:02:04 07:48:42'
}
{
  message: 'Database connected successfully! 九九',
  level: '\x1B[32minfo\x1B[39m',
  timestamp: '2023:02:04 07:48:42'
}
{
  message: 'Listening on port 9000 游游',
  level: '\x1B[32minfo\x1B[39m',
  timestamp: '2023:02:04 07:48:54'
}
{
  message: 'Database connected successfully! 九九',
  level: '\x1B[32minfo\x1B[39m',
  timestamp: '2023:02:04 07:48:54'
}
{
  message: 'Listening on port 9000 游游',
  level: '\x1B[32minfo\x1B[39m',
  timestamp: '2023:02:04 07:48:56'
}
{
  message: 'Database connected successfully! 九九',
  level: '\x1B[32minfo\x1B[39m',
  timestamp: '2023:02:04 07:48:56'
}
{
  message: 'Listening on port 9000 游游',
  level: '\x1B[32minfo\x1B[39m',
  timestamp: '2023:02:04 07:49:00'
}
{
  message: 'Database connected successfully! 九九',
  level: '\x1B[32minfo\x1B[39m',
  timestamp: '2023:02:04 07:49:00'
}
{
  message: 'Listening on port 9000 游游',
  level: '\x1B[32minfo\x1B[39m',
  timestamp: '2023:02:04 07:49:48'
}
{
  message: 'Database connected successfully! 九九',
  level: '\x1B[32minfo\x1B[39m',
  timestamp: '2023:02:04 07:49:48'
}
{
  message: 'Listening on port 9000 游游',
  level: '\x1B[32minfo\x1B[39m',
  timestamp: '2023:02:04 07:49:53'
}
{
  message: 'Database connected successfully! 九九',
  level: '\x1B[32minfo\x1B[39m',
  timestamp: '2023:02:04 07:49:53'
}
{
  message: 'Listening on port 9000 游游',
  level: '\x1B[32minfo\x1B[39m',
  timestamp: '2023:02:04 07:50:05'
}
{
  message: 'Database connected successfully! 九九',
  level: '\x1B[32minfo\x1B[39m',
  timestamp: '2023:02:04 07:50:05'
}
{
  message: 'Listening on port 9000 游游',
  level: '\x1B[32minfo\x1B[39m',
  timestamp: '2023:02:04 07:50:10'
}
{
  message: 'Database connected successfully! 九九',
  level: '\x1B[32minfo\x1B[39m',
  timestamp: '2023:02:04 07:50:10'
}
{
  message: 'Listening on port 9000 游游',
  level: '\x1B[32minfo\x1B[39m',
  timestamp: '2023:02:04 07:50:40'
}
{
  message: 'Database connected successfully! 九九',
  level: '\x1B[32minfo\x1B[39m',
  timestamp: '2023:02:04 07:50:40'
}
{
  message: 'Listening on port 9000 游游',
  level: '\x1B[32minfo\x1B[39m',
  timestamp: '2023:02:04 07:52:09'
}
{
  message: 'Database connected successfully! 九九',
  level: '\x1B[32minfo\x1B[39m',
  timestamp: '2023:02:04 07:52:09'
}
{
  message: 'Listening on port 9000 游游',
  level: '\x1B[32minfo\x1B[39m',
  timestamp: '2023:02:04 07:52:15'
}
{
  message: 'Database connected successfully! 九九',
  level: '\x1B[32minfo\x1B[39m',
  timestamp: '2023:02:04 07:52:15'
}
{
  message: 'Listening on port 9000 游游',
  level: '\x1B[32minfo\x1B[39m',
  timestamp: '2023:02:04 07:52:19'
}
{
  message: 'Database connected successfully! 九九',
  level: '\x1B[32minfo\x1B[39m',
  timestamp: '2023:02:04 07:52:19'
}
{
  message: 'Listening on port 9000 游游',
  level: '\x1B[32minfo\x1B[39m',
  timestamp: '2023:02:04 07:52:27'
}
{
  message: 'Database connected successfully! 九九',
  level: '\x1B[32minfo\x1B[39m',
  timestamp: '2023:02:04 07:52:27'
}
{
  message: 'Listening on port 9000 游游',
  level: '\x1B[32minfo\x1B[39m',
  timestamp: '2023:02:04 07:52:37'
}
{
  message: 'Database connected successfully! 九九',
  level: '\x1B[32minfo\x1B[39m',
  timestamp: '2023:02:04 07:52:37'
}
{
  message: 'Listening on port 9000 游游',
  level: '\x1B[32minfo\x1B[39m',
  timestamp: '2023:02:04 07:53:02'
}
{
  message: 'Database connected successfully! 九九',
  level: '\x1B[32minfo\x1B[39m',
  timestamp: '2023:02:04 07:53:02'
}
{
  message: 'Listening on port 9000 游游',
  level: '\x1B[32minfo\x1B[39m',
  timestamp: '2023:02:04 07:53:15'
}
{
  message: 'Database connected successfully! 九九',
  level: '\x1B[32minfo\x1B[39m',
  timestamp: '2023:02:04 07:53:15'
}
{
  message: 'Listening on port 9000 游游',
  level: '\x1B[32minfo\x1B[39m',
  timestamp: '2023:02:04 07:53:28'
}
{
  message: 'Database connected successfully! 九九',
  level: '\x1B[32minfo\x1B[39m',
  timestamp: '2023:02:04 07:53:28'
}
{
  message: 'Listening on port 9000 游游',
  level: '\x1B[32minfo\x1B[39m',
  timestamp: '2023:02:04 07:53:40'
}
{
  message: 'Database connected successfully! 九九',
  level: '\x1B[32minfo\x1B[39m',
  timestamp: '2023:02:04 07:53:40'
}
{
  message: 'Listening on port 9000 游游',
  level: '\x1B[32minfo\x1B[39m',
  timestamp: '2023:02:04 07:53:43'
}
{
  message: 'Database connected successfully! 九九',
  level: '\x1B[32minfo\x1B[39m',
  timestamp: '2023:02:04 07:53:43'
}
{
  message: 'Listening on port 9000 游游',
  level: '\x1B[32minfo\x1B[39m',
  timestamp: '2023:02:04 07:53:47'
}
{
  message: 'Database connected successfully! 九九',
  level: '\x1B[32minfo\x1B[39m',
  timestamp: '2023:02:04 07:53:47'
}
{
  message: 'Listening on port 9000 游游',
  level: '\x1B[32minfo\x1B[39m',
  timestamp: '2023:02:04 07:53:54'
}
{
  message: 'Database connected successfully! 九九',
  level: '\x1B[32minfo\x1B[39m',
  timestamp: '2023:02:04 07:53:54'
}
{
  message: 'Listening on port 9000 游游',
  level: '\x1B[32minfo\x1B[39m',
  timestamp: '2023:02:04 07:54:17'
}
{
  message: 'Database connected successfully! 九九',
  level: '\x1B[32minfo\x1B[39m',
  timestamp: '2023:02:04 07:54:17'
}
{
  message: 'Listening on port 9000 游游',
  level: '\x1B[32minfo\x1B[39m',
  timestamp: '2023:02:04 07:54:21'
}
{
  message: 'Database connected successfully! 九九',
  level: '\x1B[32minfo\x1B[39m',
  timestamp: '2023:02:04 07:54:21'
}
{
  message: 'Listening on port 9000 游游',
  level: '\x1B[32minfo\x1B[39m',
  timestamp: '2023:02:04 07:54:25'
}
{
  message: 'Database connected successfully! 九九',
  level: '\x1B[32minfo\x1B[39m',
  timestamp: '2023:02:04 07:54:25'
}
{
  message: 'Listening on port 9000 游游',
  level: '\x1B[32minfo\x1B[39m',
  timestamp: '2023:02:04 07:54:35'
}
{
  message: 'Database connected successfully! 九九',
  level: '\x1B[32minfo\x1B[39m',
  timestamp: '2023:02:04 07:54:35'
}
{
  message: 'Listening on port 9000 游游',
  level: '\x1B[32minfo\x1B[39m',
  timestamp: '2023:02:04 07:54:44'
}
{
  message: 'Database connected successfully! 九九',
  level: '\x1B[32minfo\x1B[39m',
  timestamp: '2023:02:04 07:54:44'
}
{
  message: 'Listening on port 9000 游游',
  level: '\x1B[32minfo\x1B[39m',
  timestamp: '2023:02:04 07:54:48'
}
{
  message: 'Database connected successfully! 九九',
  level: '\x1B[32minfo\x1B[39m',
  timestamp: '2023:02:04 07:54:48'
}
{
  message: 'Listening on port 9000 游游',
  level: '\x1B[32minfo\x1B[39m',
  timestamp: '2023:02:04 07:54:51'
}
{
  message: 'Database connected successfully! 九九',
  level: '\x1B[32minfo\x1B[39m',
  timestamp: '2023:02:04 07:54:51'
}
{
  message: 'Listening on port 9000 游游',
  level: '\x1B[32minfo\x1B[39m',
  timestamp: '2023:02:04 07:54:58'
}
{
  message: 'Database connected successfully! 九九',
  level: '\x1B[32minfo\x1B[39m',
  timestamp: '2023:02:04 07:54:58'
}
{
  message: 'Listening on port 9000 游游',
  level: '\x1B[32minfo\x1B[39m',
  timestamp: '2023:02:04 07:55:01'
}
{
  message: 'Database connected successfully! 九九',
  level: '\x1B[32minfo\x1B[39m',
  timestamp: '2023:02:04 07:55:01'
}
{
  message: 'Listening on port 9000 游游',
  level: '\x1B[32minfo\x1B[39m',
  timestamp: '2023:02:04 07:55:08'
}
{
  message: 'Database connected successfully! 九九',
  level: '\x1B[32minfo\x1B[39m',
  timestamp: '2023:02:04 07:55:08'
}
{
  message: 'Listening on port 9000 游游',
  level: '\x1B[32minfo\x1B[39m',
  timestamp: '2023:02:04 07:55:19'
}
{
  message: 'Database connected successfully! 九九',
  level: '\x1B[32minfo\x1B[39m',
  timestamp: '2023:02:04 07:55:19'
}
{
  message: 'Listening on port 9000 游游',
  level: '\x1B[32minfo\x1B[39m',
  timestamp: '2023:02:04 07:55:27'
}
{
  message: 'Database connected successfully! 九九',
  level: '\x1B[32minfo\x1B[39m',
  timestamp: '2023:02:04 07:55:27'
}
{
  message: 'Listening on port 9000 游游',
  level: '\x1B[32minfo\x1B[39m',
  timestamp: '2023:02:04 07:55:29'
}
{
  message: 'Database connected successfully! 九九',
  level: '\x1B[32minfo\x1B[39m',
  timestamp: '2023:02:04 07:55:29'
}
{
  message: 'Listening on port 9000 游游',
  level: '\x1B[32minfo\x1B[39m',
  timestamp: '2023:02:04 07:55:32'
}
{
  message: 'Database connected successfully! 九九',
  level: '\x1B[32minfo\x1B[39m',
  timestamp: '2023:02:04 07:55:32'
}
{
  message: 'Listening on port 9000 游游',
  level: '\x1B[32minfo\x1B[39m',
  timestamp: '2023:02:04 07:55:36'
}
{
  message: 'Database connected successfully! 九九',
  level: '\x1B[32minfo\x1B[39m',
  timestamp: '2023:02:04 07:55:36'
}
{
  message: 'Listening on port 9000 游游',
  level: '\x1B[32minfo\x1B[39m',
  timestamp: '2023:02:04 07:55:38'
}
{
  message: 'Database connected successfully! 九九',
  level: '\x1B[32minfo\x1B[39m',
  timestamp: '2023:02:04 07:55:38'
}
{
  message: 'Listening on port 9000 游游',
  level: '\x1B[32minfo\x1B[39m',
  timestamp: '2023:02:04 07:55:46'
}
{
  message: 'Database connected successfully! 九九',
  level: '\x1B[32minfo\x1B[39m',
  timestamp: '2023:02:04 07:55:46'
}
{
  message: 'Listening on port 9000 游游',
  level: '\x1B[32minfo\x1B[39m',
  timestamp: '2023:02:04 07:55:50'
}
{
  message: 'Database connected successfully! 九九',
  level: '\x1B[32minfo\x1B[39m',
  timestamp: '2023:02:04 07:55:50'
}
{
  message: 'Listening on port 9000 游游',
  level: '\x1B[32minfo\x1B[39m',
  timestamp: '2023:02:04 07:55:54'
}
{
  message: 'Database connected successfully! 九九',
  level: '\x1B[32minfo\x1B[39m',
  timestamp: '2023:02:04 07:55:54'
}
{
  message: 'Listening on port 9000 游游',
  level: '\x1B[32minfo\x1B[39m',
  timestamp: '2023:02:04 07:56:00'
}
{
  message: 'Database connected successfully! 九九',
  level: '\x1B[32minfo\x1B[39m',
  timestamp: '2023:02:04 07:56:00'
}
{
  message: 'Listening on port 9000 游游',
  level: '\x1B[32minfo\x1B[39m',
  timestamp: '2023:02:04 07:56:02'
}
{
  message: 'Database connected successfully! 九九',
  level: '\x1B[32minfo\x1B[39m',
  timestamp: '2023:02:04 07:56:02'
}
{
  message: 'Listening on port 9000 游游',
  level: '\x1B[32minfo\x1B[39m',
  timestamp: '2023:02:04 07:56:05'
}
{
  message: 'Database connected successfully! 九九',
  level: '\x1B[32minfo\x1B[39m',
  timestamp: '2023:02:04 07:56:05'
}
{
  message: 'Listening on port 9000 游游',
  level: '\x1B[32minfo\x1B[39m',
  timestamp: '2023:02:04 07:56:16'
}
{
  message: 'Database connected successfully! 九九',
  level: '\x1B[32minfo\x1B[39m',
  timestamp: '2023:02:04 07:56:16'
}
{
  message: 'Listening on port 9000 游游',
  level: '\x1B[32minfo\x1B[39m',
  timestamp: '2023:02:04 07:56:21'
}
{
  message: 'Database connected successfully! 九九',
  level: '\x1B[32minfo\x1B[39m',
  timestamp: '2023:02:04 07:56:21'
}
{
  message: 'Listening on port 9000 游游',
  level: '\x1B[32minfo\x1B[39m',
  timestamp: '2023:02:04 07:56:26'
}
{
  message: 'Database connected successfully! 九九',
  level: '\x1B[32minfo\x1B[39m',
  timestamp: '2023:02:04 07:56:26'
}
{
  message: 'Listening on port 9000 游游',
  level: '\x1B[32minfo\x1B[39m',
  timestamp: '2023:02:04 07:56:29'
}
{
  message: 'Database connected successfully! 九九',
  level: '\x1B[32minfo\x1B[39m',
  timestamp: '2023:02:04 07:56:29'
}
{
  message: 'Listening on port 9000 游游',
  level: '\x1B[32minfo\x1B[39m',
  timestamp: '2023:02:04 07:56:39'
}
{
  message: 'Database connected successfully! 九九',
  level: '\x1B[32minfo\x1B[39m',
  timestamp: '2023:02:04 07:56:39'
}
{
  message: 'Listening on port 9000 游游',
  level: '\x1B[32minfo\x1B[39m',
  timestamp: '2023:02:04 07:56:43'
}
{
  message: 'Database connected successfully! 九九',
  level: '\x1B[32minfo\x1B[39m',
  timestamp: '2023:02:04 07:56:43'
}
{
  message: 'Listening on port 9000 游游',
  level: '\x1B[32minfo\x1B[39m',
  timestamp: '2023:02:04 07:56:48'
}
{
  message: 'Database connected successfully! 九九',
  level: '\x1B[32minfo\x1B[39m',
  timestamp: '2023:02:04 07:56:48'
}
{
  message: 'Listening on port 9000 游游',
  level: '\x1B[32minfo\x1B[39m',
  timestamp: '2023:02:04 07:57:26'
}
{
  message: 'Database connected successfully! 九九',
  level: '\x1B[32minfo\x1B[39m',
  timestamp: '2023:02:04 07:57:26'
}
{
  message: 'Listening on port 9000 游游',
  level: '\x1B[32minfo\x1B[39m',
  timestamp: '2023:02:04 07:57:35'
}
{
  message: 'Database connected successfully! 九九',
  level: '\x1B[32minfo\x1B[39m',
  timestamp: '2023:02:04 07:57:35'
}
{
  message: 'Listening on port 9000 游游',
  level: '\x1B[32minfo\x1B[39m',
  timestamp: '2023:02:04 07:57:38'
}
{
  message: 'Database connected successfully! 九九',
  level: '\x1B[32minfo\x1B[39m',
  timestamp: '2023:02:04 07:57:38'
}
{
  message: 'Listening on port 9000 游游',
  level: '\x1B[32minfo\x1B[39m',
  timestamp: '2023:02:04 07:57:42'
}
{
  message: 'Database connected successfully! 九九',
  level: '\x1B[32minfo\x1B[39m',
  timestamp: '2023:02:04 07:57:42'
}
{
  message: 'Listening on port 9000 游游',
  level: '\x1B[32minfo\x1B[39m',
  timestamp: '2023:02:04 07:57:47'
}
{
  message: 'Database connected successfully! 九九',
  level: '\x1B[32minfo\x1B[39m',
  timestamp: '2023:02:04 07:57:47'
}
{
  message: 'Listening on port 9000 游游',
  level: '\x1B[32minfo\x1B[39m',
  timestamp: '2023:02:04 07:57:49'
}
{
  message: 'Database connected successfully! 九九',
  level: '\x1B[32minfo\x1B[39m',
  timestamp: '2023:02:04 07:57:49'
}
{
  message: 'Listening on port 9000 游游',
  level: '\x1B[32minfo\x1B[39m',
  timestamp: '2023:02:04 07:58:06'
}
{
  message: 'Database connected successfully! 九九',
  level: '\x1B[32minfo\x1B[39m',
  timestamp: '2023:02:04 07:58:06'
}
{
  message: 'Listening on port 9000 游游',
  level: '\x1B[32minfo\x1B[39m',
  timestamp: '2023:02:04 07:58:11'
}
{
  message: 'Database connected successfully! 九九',
  level: '\x1B[32minfo\x1B[39m',
  timestamp: '2023:02:04 07:58:11'
}
{
  message: 'Listening on port 9000 游游',
  level: '\x1B[32minfo\x1B[39m',
  timestamp: '2023:02:04 07:58:16'
}
{
  message: 'Database connected successfully! 九九',
  level: '\x1B[32minfo\x1B[39m',
  timestamp: '2023:02:04 07:58:16'
}
{
  message: 'Listening on port 9000 游游',
  level: '\x1B[32minfo\x1B[39m',
  timestamp: '2023:02:04 07:58:34'
}
{
  message: 'Database connected successfully! 九九',
  level: '\x1B[32minfo\x1B[39m',
  timestamp: '2023:02:04 07:58:34'
}
{
  message: 'Listening on port 9000 游游',
  level: '\x1B[32minfo\x1B[39m',
  timestamp: '2023:02:04 07:58:37'
}
{
  message: 'Database connected successfully! 九九',
  level: '\x1B[32minfo\x1B[39m',
  timestamp: '2023:02:04 07:58:37'
}
{
  message: 'Listening on port 9000 游游',
  level: '\x1B[32minfo\x1B[39m',
  timestamp: '2023:02:04 07:59:07'
}
{
  message: 'Database connected successfully! 九九',
  level: '\x1B[32minfo\x1B[39m',
  timestamp: '2023:02:04 07:59:07'
}
{
  message: 'Listening on port 9000 游游',
  level: '\x1B[32minfo\x1B[39m',
  timestamp: '2023:02:04 07:59:17'
}
{
  message: 'Database connected successfully! 九九',
  level: '\x1B[32minfo\x1B[39m',
  timestamp: '2023:02:04 07:59:17'
}
{
  message: 'Listening on port 9000 游游',
  level: '\x1B[32minfo\x1B[39m',
  timestamp: '2023:02:04 07:59:26'
}
{
  message: 'Database connected successfully! 九九',
  level: '\x1B[32minfo\x1B[39m',
  timestamp: '2023:02:04 07:59:26'
}
{
  message: 'Listening on port 9000 游游',
  level: '\x1B[32minfo\x1B[39m',
  timestamp: '2023:02:04 07:59:41'
}
{
  message: 'Database connected successfully! 九九',
  level: '\x1B[32minfo\x1B[39m',
  timestamp: '2023:02:04 07:59:41'
}
{
  message: 'Listening on port 9000 游游',
  level: '\x1B[32minfo\x1B[39m',
  timestamp: '2023:02:04 07:59:44'
}
{
  message: 'Database connected successfully! 九九',
  level: '\x1B[32minfo\x1B[39m',
  timestamp: '2023:02:04 07:59:44'
}
{
  message: 'Listening on port 9000 游游',
  level: '\x1B[32minfo\x1B[39m',
  timestamp: '2023:02:04 07:59:56'
}
{
  message: 'Database connected successfully! 九九',
  level: '\x1B[32minfo\x1B[39m',
  timestamp: '2023:02:04 07:59:56'
}
{
  message: 'Listening on port 9000 游游',
  level: '\x1B[32minfo\x1B[39m',
  timestamp: '2023:02:04 08:00:07'
}
{
  message: 'Database connected successfully! 九九',
  level: '\x1B[32minfo\x1B[39m',
  timestamp: '2023:02:04 08:00:07'
}
{
  message: 'Listening on port 9000 游游',
  level: '\x1B[32minfo\x1B[39m',
  timestamp: '2023:02:04 08:00:37'
}
{
  message: 'Database connected successfully! 九九',
  level: '\x1B[32minfo\x1B[39m',
  timestamp: '2023:02:04 08:00:37'
}
{
  message: 'Listening on port 9000 游游',
  level: '\x1B[32minfo\x1B[39m',
  timestamp: '2023:02:04 08:00:45'
}
{
  message: 'Database connected successfully! 九九',
  level: '\x1B[32minfo\x1B[39m',
  timestamp: '2023:02:04 08:00:46'
}
{
  message: 'Listening on port 9000 游游',
  level: '\x1B[32minfo\x1B[39m',
  timestamp: '2023:02:04 08:00:48'
}
{
  message: 'Database connected successfully! 九九',
  level: '\x1B[32minfo\x1B[39m',
  timestamp: '2023:02:04 08:00:48'
}
{
  message: 'Listening on port 9000 游游',
  level: '\x1B[32minfo\x1B[39m',
  timestamp: '2023:02:04 08:00:52'
}
{
  message: 'Database connected successfully! 九九',
  level: '\x1B[32minfo\x1B[39m',
  timestamp: '2023:02:04 08:00:52'
}
{
  message: 'Listening on port 9000 游游',
  level: '\x1B[32minfo\x1B[39m',
  timestamp: '2023:02:04 08:00:55'
}
{
  message: 'Database connected successfully! 九九',
  level: '\x1B[32minfo\x1B[39m',
  timestamp: '2023:02:04 08:00:55'
}
{
  message: 'Listening on port 9000 游游',
  level: '\x1B[32minfo\x1B[39m',
  timestamp: '2023:02:04 08:00:57'
}
{
  message: 'Database connected successfully! 九九',
  level: '\x1B[32minfo\x1B[39m',
  timestamp: '2023:02:04 08:00:57'
}
{
  message: 'Listening on port 9000 游游',
  level: '\x1B[32minfo\x1B[39m',
  timestamp: '2023:02:04 08:01:03'
}
{
  message: 'Database connected successfully! 九九',
  level: '\x1B[32minfo\x1B[39m',
  timestamp: '2023:02:04 08:01:03'
}
{
  message: 'Listening on port 9000 游游',
  level: '\x1B[32minfo\x1B[39m',
  timestamp: '2023:02:04 08:01:07'
}
{
  message: 'Database connected successfully! 九九',
  level: '\x1B[32minfo\x1B[39m',
  timestamp: '2023:02:04 08:01:07'
}
{
  message: 'Listening on port 9000 游游',
  level: '\x1B[32minfo\x1B[39m',
  timestamp: '2023:02:04 08:01:12'
}
{
  message: 'Database connected successfully! 九九',
  level: '\x1B[32minfo\x1B[39m',
  timestamp: '2023:02:04 08:01:12'
}
{
  message: 'Listening on port 9000 游游',
  level: '\x1B[32minfo\x1B[39m',
  timestamp: '2023:02:04 08:01:41'
}
{
  message: 'Database connected successfully! 九九',
  level: '\x1B[32minfo\x1B[39m',
  timestamp: '2023:02:04 08:01:41'
}
{
  message: 'Listening on port 9000 游游',
  level: '\x1B[32minfo\x1B[39m',
  timestamp: '2023:02:04 08:01:44'
}
{
  message: 'Database connected successfully! 九九',
  level: '\x1B[32minfo\x1B[39m',
  timestamp: '2023:02:04 08:01:44'
}
{
  message: 'Listening on port 9000 游游',
  level: '\x1B[32minfo\x1B[39m',
  timestamp: '2023:02:04 08:01:46'
}
{
  message: 'Database connected successfully! 九九',
  level: '\x1B[32minfo\x1B[39m',
  timestamp: '2023:02:04 08:01:46'
}
{
  message: 'Listening on port 9000 游游',
  level: '\x1B[32minfo\x1B[39m',
  timestamp: '2023:02:04 08:01:58'
}
{
  message: 'Database connected successfully! 九九',
  level: '\x1B[32minfo\x1B[39m',
  timestamp: '2023:02:04 08:01:58'
}
{
  message: 'Listening on port 9000 游游',
  level: '\x1B[32minfo\x1B[39m',
  timestamp: '2023:02:04 08:02:15'
}
{
  message: 'Database connected successfully! 九九',
  level: '\x1B[32minfo\x1B[39m',
  timestamp: '2023:02:04 08:02:15'
}
{
  message: 'Listening on port 9000 游游',
  level: '\x1B[32minfo\x1B[39m',
  timestamp: '2023:02:04 08:02:29'
}
{
  message: 'Database connected successfully! 九九',
  level: '\x1B[32minfo\x1B[39m',
  timestamp: '2023:02:04 08:02:29'
}
{
  message: 'Listening on port 9000 游游',
  level: '\x1B[32minfo\x1B[39m',
  timestamp: '2023:02:04 08:06:14'
}
{
  message: 'Database connected successfully! 九九',
  level: '\x1B[32minfo\x1B[39m',
  timestamp: '2023:02:04 08:06:14'
}
{
  message: 'Listening on port 9000 游游',
  level: '\x1B[32minfo\x1B[39m',
  timestamp: '2023:02:04 08:06:39'
}
{
  message: 'Database connected successfully! 九九',
  level: '\x1B[32minfo\x1B[39m',
  timestamp: '2023:02:04 08:06:39'
}
{
  message: 'Listening on port 9000 游游',
  level: '\x1B[32minfo\x1B[39m',
  timestamp: '2023:02:04 08:06:45'
}
{
  message: 'Database connected successfully! 九九',
  level: '\x1B[32minfo\x1B[39m',
  timestamp: '2023:02:04 08:06:45'
}
{
  message: 'Listening on port 9000 游游',
  level: '\x1B[32minfo\x1B[39m',
  timestamp: '2023:02:04 08:06:48'
}
{
  message: 'Database connected successfully! 九九',
  level: '\x1B[32minfo\x1B[39m',
  timestamp: '2023:02:04 08:06:48'
}
{
  message: 'Listening on port 9000 游游',
  level: '\x1B[32minfo\x1B[39m',
  timestamp: '2023:02:04 08:07:24'
}
{
  message: 'Database connected successfully! 九九',
  level: '\x1B[32minfo\x1B[39m',
  timestamp: '2023:02:04 08:07:24'
}
{
  message: 'Listening on port 9000 游游',
  level: '\x1B[32minfo\x1B[39m',
  timestamp: '2023:02:04 08:07:45'
}
{
  message: 'Database connected successfully! 九九',
  level: '\x1B[32minfo\x1B[39m',
  timestamp: '2023:02:04 08:07:45'
}
{
  message: 'Listening on port 9000 游游',
  level: '\x1B[32minfo\x1B[39m',
  timestamp: '2023:02:04 08:07:48'
}
{
  message: 'Database connected successfully! 九九',
  level: '\x1B[32minfo\x1B[39m',
  timestamp: '2023:02:04 08:07:48'
}
{
  message: 'Listening on port 9000 游游',
  level: '\x1B[32minfo\x1B[39m',
  timestamp: '2023:02:04 08:08:06'
}
{
  message: 'Database connected successfully! 九九',
  level: '\x1B[32minfo\x1B[39m',
  timestamp: '2023:02:04 08:08:06'
}
{
  message: 'Listening on port 9000 游游',
  level: '\x1B[32minfo\x1B[39m',
  timestamp: '2023:02:04 08:08:31'
}
{
  message: 'Database connected successfully! 九九',
  level: '\x1B[32minfo\x1B[39m',
  timestamp: '2023:02:04 08:08:31'
}
{
  message: 'Listening on port 9000 游游',
  level: '\x1B[32minfo\x1B[39m',
  timestamp: '2023:02:04 08:08:37'
}
{
  message: 'Database connected successfully! 九九',
  level: '\x1B[32minfo\x1B[39m',
  timestamp: '2023:02:04 08:08:37'
}
{
  message: 'Listening on port 9000 游游',
  level: '\x1B[32minfo\x1B[39m',
  timestamp: '2023:02:04 08:08:39'
}
{
  message: 'Database connected successfully! 九九',
  level: '\x1B[32minfo\x1B[39m',
  timestamp: '2023:02:04 08:08:39'
}
{
  message: 'Listening on port 9000 游游',
  level: '\x1B[32minfo\x1B[39m',
  timestamp: '2023:02:04 08:08:48'
}
{
  message: 'Database connected successfully! 九九',
  level: '\x1B[32minfo\x1B[39m',
  timestamp: '2023:02:04 08:08:48'
}
{
  message: 'Listening on port 9000 游游',
  level: '\x1B[32minfo\x1B[39m',
  timestamp: '2023:02:04 08:08:55'
}
{
  message: 'Database connected successfully! 九九',
  level: '\x1B[32minfo\x1B[39m',
  timestamp: '2023:02:04 08:08:55'
}
{
  message: 'Listening on port 9000 游游',
  level: '\x1B[32minfo\x1B[39m',
  timestamp: '2023:02:04 08:09:01'
}
{
  message: 'Database connected successfully! 九九',
  level: '\x1B[32minfo\x1B[39m',
  timestamp: '2023:02:04 08:09:01'
}
{
  message: 'Listening on port 9000 游游',
  level: '\x1B[32minfo\x1B[39m',
  timestamp: '2023:02:04 08:09:16'
}
{
  message: 'Database connected successfully! 九九',
  level: '\x1B[32minfo\x1B[39m',
  timestamp: '2023:02:04 08:09:16'
}
{
  message: 'Listening on port 9000 游游',
  level: '\x1B[32minfo\x1B[39m',
  timestamp: '2023:02:04 08:09:22'
}
{
  message: 'Database connected successfully! 九九',
  level: '\x1B[32minfo\x1B[39m',
  timestamp: '2023:02:04 08:09:22'
}
{
  message: 'Listening on port 9000 游游',
  level: '\x1B[32minfo\x1B[39m',
  timestamp: '2023:02:04 08:09:26'
}
{
  message: 'Database connected successfully! 九九',
  level: '\x1B[32minfo\x1B[39m',
  timestamp: '2023:02:04 08:09:26'
}
{
  message: 'Listening on port 9000 游游',
  level: '\x1B[32minfo\x1B[39m',
  timestamp: '2023:02:04 08:09:35'
}
{
  message: 'Database connected successfully! 九九',
  level: '\x1B[32minfo\x1B[39m',
  timestamp: '2023:02:04 08:09:35'
}
{
  message: 'Listening on port 9000 游游',
  level: '\x1B[32minfo\x1B[39m',
  timestamp: '2023:02:04 08:09:57'
}
{
  message: 'Database connected successfully! 九九',
  level: '\x1B[32minfo\x1B[39m',
  timestamp: '2023:02:04 08:09:57'
}
{
  message: 'Listening on port 9000 游游',
  level: '\x1B[32minfo\x1B[39m',
  timestamp: '2023:02:04 08:10:27'
}
{
  message: 'Database connected successfully! 九九',
  level: '\x1B[32minfo\x1B[39m',
  timestamp: '2023:02:04 08:10:27'
}
{
  message: 'Listening on port 9000 游游',
  level: '\x1B[32minfo\x1B[39m',
  timestamp: '2023:02:04 08:10:49'
}
{
  message: 'Database connected successfully! 九九',
  level: '\x1B[32minfo\x1B[39m',
  timestamp: '2023:02:04 08:10:49'
}
{
  message: 'Listening on port 9000 游游',
  level: '\x1B[32minfo\x1B[39m',
  timestamp: '2023:02:04 08:11:24'
}
{
  message: 'Database connected successfully! 九九',
  level: '\x1B[32minfo\x1B[39m',
  timestamp: '2023:02:04 08:11:24'
}
{
  message: 'Listening on port 9000 游游',
  level: '\x1B[32minfo\x1B[39m',
  timestamp: '2023:02:04 08:11:29'
}
{
  message: 'Database connected successfully! 九九',
  level: '\x1B[32minfo\x1B[39m',
  timestamp: '2023:02:04 08:11:29'
}
{
  message: 'Listening on port 9000 游游',
  level: '\x1B[32minfo\x1B[39m',
  timestamp: '2023:02:04 08:11:31'
}
{
  message: 'Database connected successfully! 九九',
  level: '\x1B[32minfo\x1B[39m',
  timestamp: '2023:02:04 08:11:31'
}
{
  message: 'Listening on port 9000 游游',
  level: '\x1B[32minfo\x1B[39m',
  timestamp: '2023:02:04 08:11:32'
}
{
  message: 'Database connected successfully! 九九',
  level: '\x1B[32minfo\x1B[39m',
  timestamp: '2023:02:04 08:11:32'
}
{
  message: 'Listening on port 9000 游游',
  level: '\x1B[32minfo\x1B[39m',
  timestamp: '2023:02:04 08:11:38'
}
{
  message: 'Database connected successfully! 九九',
  level: '\x1B[32minfo\x1B[39m',
  timestamp: '2023:02:04 08:11:38'
}
{
  message: 'Listening on port 9000 游游',
  level: '\x1B[32minfo\x1B[39m',
  timestamp: '2023:02:04 08:12:03'
}
{
  message: 'Database connected successfully! 九九',
  level: '\x1B[32minfo\x1B[39m',
  timestamp: '2023:02:04 08:12:03'
}
{
  message: 'Listening on port 9000 游游',
  level: '\x1B[32minfo\x1B[39m',
  timestamp: '2023:02:04 08:12:15'
}
{
  message: 'Database connected successfully! 九九',
  level: '\x1B[32minfo\x1B[39m',
  timestamp: '2023:02:04 08:12:15'
}
{
  message: 'Listening on port 9000 游游',
  level: '\x1B[32minfo\x1B[39m',
  timestamp: '2023:02:04 08:13:09'
}
{
  message: 'Database connected successfully! 九九',
  level: '\x1B[32minfo\x1B[39m',
  timestamp: '2023:02:04 08:13:09'
}
{
  message: 'Listening on port 9000 游游',
  level: '\x1B[32minfo\x1B[39m',
  timestamp: '2023:02:04 08:13:18'
}
{
  message: 'Database connected successfully! 九九',
  level: '\x1B[32minfo\x1B[39m',
  timestamp: '2023:02:04 08:13:18'
}
{
  message: 'Listening on port 9000 游游',
  level: '\x1B[32minfo\x1B[39m',
  timestamp: '2023:02:04 08:13:34'
}
{
  message: 'Database connected successfully! 九九',
  level: '\x1B[32minfo\x1B[39m',
  timestamp: '2023:02:04 08:13:34'
}
{
  message: 'Listening on port 9000 游游',
  level: '\x1B[32minfo\x1B[39m',
  timestamp: '2023:02:04 08:14:50'
}
{
  message: 'Database connected successfully! 九九',
  level: '\x1B[32minfo\x1B[39m',
  timestamp: '2023:02:04 08:14:50'
}
{
  message: 'Listening on port 9000 游游',
  level: '\x1B[32minfo\x1B[39m',
  timestamp: '2023:02:04 08:15:00'
}
{
  message: 'Database connected successfully! 九九',
  level: '\x1B[32minfo\x1B[39m',
  timestamp: '2023:02:04 08:15:00'
}
{
  message: 'Listening on port 9000 游游',
  level: '\x1B[32minfo\x1B[39m',
  timestamp: '2023:02:04 08:15:07'
}
{
  message: 'Database connected successfully! 九九',
  level: '\x1B[32minfo\x1B[39m',
  timestamp: '2023:02:04 08:15:07'
}
{
  message: 'Listening on port 9000 游游',
  level: '\x1B[32minfo\x1B[39m',
  timestamp: '2023:02:04 08:15:10'
}
{
  message: 'Database connected successfully! 九九',
  level: '\x1B[32minfo\x1B[39m',
  timestamp: '2023:02:04 08:15:10'
}
{
  message: 'Listening on port 9000 游游',
  level: '\x1B[32minfo\x1B[39m',
  timestamp: '2023:02:04 08:15:16'
}
{
  message: 'Database connected successfully! 九九',
  level: '\x1B[32minfo\x1B[39m',
  timestamp: '2023:02:04 08:15:16'
}
{
  message: 'Listening on port 9000 游游',
  level: '\x1B[32minfo\x1B[39m',
  timestamp: '2023:02:04 08:15:19'
}
{
  message: 'Database connected successfully! 九九',
  level: '\x1B[32minfo\x1B[39m',
  timestamp: '2023:02:04 08:15:19'
}
{
  message: 'Listening on port 9000 游游',
  level: '\x1B[32minfo\x1B[39m',
  timestamp: '2023:02:04 08:15:25'
}
{
  message: 'Database connected successfully! 九九',
  level: '\x1B[32minfo\x1B[39m',
  timestamp: '2023:02:04 08:15:25'
}
{
  message: 'Listening on port 9000 游游',
  level: '\x1B[32minfo\x1B[39m',
  timestamp: '2023:02:04 08:15:31'
}
{
  message: 'Database connected successfully! 九九',
  level: '\x1B[32minfo\x1B[39m',
  timestamp: '2023:02:04 08:15:31'
}
{
  message: 'Listening on port 9000 游游',
  level: '\x1B[32minfo\x1B[39m',
  timestamp: '2023:02:04 08:15:36'
}
{
  message: 'Database connected successfully! 九九',
  level: '\x1B[32minfo\x1B[39m',
  timestamp: '2023:02:04 08:15:36'
}
{
  message: 'Listening on port 9000 游游',
  level: '\x1B[32minfo\x1B[39m',
  timestamp: '2023:02:04 08:15:39'
}
{
  message: 'Database connected successfully! 九九',
  level: '\x1B[32minfo\x1B[39m',
  timestamp: '2023:02:04 08:15:39'
}
{
  message: 'Listening on port 9000 游游',
  level: '\x1B[32minfo\x1B[39m',
  timestamp: '2023:02:04 08:15:43'
}
{
  message: 'Database connected successfully! 九九',
  level: '\x1B[32minfo\x1B[39m',
  timestamp: '2023:02:04 08:15:43'
}
{
  message: 'Listening on port 9000 游游',
  level: '\x1B[32minfo\x1B[39m',
  timestamp: '2023:02:04 08:15:46'
}
{
  message: 'Database connected successfully! 九九',
  level: '\x1B[32minfo\x1B[39m',
  timestamp: '2023:02:04 08:15:46'
}
{
  message: 'Listening on port 9000 游游',
  level: '\x1B[32minfo\x1B[39m',
  timestamp: '2023:02:04 08:15:55'
}
{
  message: 'Database connected successfully! 九九',
  level: '\x1B[32minfo\x1B[39m',
  timestamp: '2023:02:04 08:15:55'
}
{
  message: 'Listening on port 9000 游游',
  level: '\x1B[32minfo\x1B[39m',
  timestamp: '2023:02:04 08:16:28'
}
{
  message: 'Database connected successfully! 九九',
  level: '\x1B[32minfo\x1B[39m',
  timestamp: '2023:02:04 08:16:28'
}
{
  message: 'Listening on port 9000 游游',
  level: '\x1B[32minfo\x1B[39m',
  timestamp: '2023:02:04 08:16:32'
}
{
  message: 'Database connected successfully! 九九',
  level: '\x1B[32minfo\x1B[39m',
  timestamp: '2023:02:04 08:16:32'
}
{
  message: 'Listening on port 9000 游游',
  level: '\x1B[32minfo\x1B[39m',
  timestamp: '2023:02:04 08:16:37'
}
{
  message: 'Database connected successfully! 九九',
  level: '\x1B[32minfo\x1B[39m',
  timestamp: '2023:02:04 08:16:37'
}
{
  message: 'Listening on port 9000 游游',
  level: '\x1B[32minfo\x1B[39m',
  timestamp: '2023:02:04 08:16:40'
}
{
  message: 'Database connected successfully! 九九',
  level: '\x1B[32minfo\x1B[39m',
  timestamp: '2023:02:04 08:16:40'
}
{
  message: 'Listening on port 9000 游游',
  level: '\x1B[32minfo\x1B[39m',
  timestamp: '2023:02:04 08:16:44'
}
{
  message: 'Database connected successfully! 九九',
  level: '\x1B[32minfo\x1B[39m',
  timestamp: '2023:02:04 08:16:44'
}
{
  message: 'Listening on port 9000 游游',
  level: '\x1B[32minfo\x1B[39m',
  timestamp: '2023:02:04 08:16:49'
}
{
  message: 'Database connected successfully! 九九',
  level: '\x1B[32minfo\x1B[39m',
  timestamp: '2023:02:04 08:16:49'
}
{
  message: 'Listening on port 9000 游游',
  level: '\x1B[32minfo\x1B[39m',
  timestamp: '2023:02:04 08:17:23'
}
{
  message: 'Database connected successfully! 九九',
  level: '\x1B[32minfo\x1B[39m',
  timestamp: '2023:02:04 08:17:23'
}
{
  message: 'Listening on port 9000 游游',
  level: '\x1B[32minfo\x1B[39m',
  timestamp: '2023:02:04 08:17:30'
}
{
  message: 'Database connected successfully! 九九',
  level: '\x1B[32minfo\x1B[39m',
  timestamp: '2023:02:04 08:17:30'
}
{
  message: 'Listening on port 9000 游游',
  level: '\x1B[32minfo\x1B[39m',
  timestamp: '2023:02:04 08:17:37'
}
{
  message: 'Database connected successfully! 九九',
  level: '\x1B[32minfo\x1B[39m',
  timestamp: '2023:02:04 08:17:37'
}
{
  message: 'Listening on port 9000 游游',
  level: '\x1B[32minfo\x1B[39m',
  timestamp: '2023:02:04 08:17:39'
}
{
  message: 'Database connected successfully! 九九',
  level: '\x1B[32minfo\x1B[39m',
  timestamp: '2023:02:04 08:17:39'
}
{
  message: 'Listening on port 9000 游游',
  level: '\x1B[32minfo\x1B[39m',
  timestamp: '2023:02:04 08:18:00'
}
{
  message: 'Database connected successfully! 九九',
  level: '\x1B[32minfo\x1B[39m',
  timestamp: '2023:02:04 08:18:00'
}
{
  message: 'Listening on port 9000 游游',
  level: '\x1B[32minfo\x1B[39m',
  timestamp: '2023:02:04 08:18:04'
}
{
  message: 'Database connected successfully! 九九',
  level: '\x1B[32minfo\x1B[39m',
  timestamp: '2023:02:04 08:18:04'
}
{
  message: 'Listening on port 9000 游游',
  level: '\x1B[32minfo\x1B[39m',
  timestamp: '2023:02:04 08:18:14'
}
{
  message: 'Database connected successfully! 九九',
  level: '\x1B[32minfo\x1B[39m',
  timestamp: '2023:02:04 08:18:14'
}
{
  message: 'Listening on port 9000 游游',
  level: '\x1B[32minfo\x1B[39m',
  timestamp: '2023:02:04 08:18:30'
}
{
  message: 'Database connected successfully! 九九',
  level: '\x1B[32minfo\x1B[39m',
  timestamp: '2023:02:04 08:18:30'
}
{
  message: 'Listening on port 9000 游游',
  level: '\x1B[32minfo\x1B[39m',
  timestamp: '2023:02:04 08:18:33'
}
{
  message: 'Database connected successfully! 九九',
  level: '\x1B[32minfo\x1B[39m',
  timestamp: '2023:02:04 08:18:33'
}
{
  message: 'Listening on port 9000 游游',
  level: '\x1B[32minfo\x1B[39m',
  timestamp: '2023:02:04 08:18:55'
}
{
  message: 'Database connected successfully! 九九',
  level: '\x1B[32minfo\x1B[39m',
  timestamp: '2023:02:04 08:18:56'
}
{
  message: 'Listening on port 9000 游游',
  level: '\x1B[32minfo\x1B[39m',
  timestamp: '2023:02:04 08:19:00'
}
{
  message: 'Database connected successfully! 九九',
  level: '\x1B[32minfo\x1B[39m',
  timestamp: '2023:02:04 08:19:00'
}
{
  message: 'Listening on port 9000 游游',
  level: '\x1B[32minfo\x1B[39m',
  timestamp: '2023:02:04 08:19:55'
}
{
  message: 'Database connected successfully! 九九',
  level: '\x1B[32minfo\x1B[39m',
  timestamp: '2023:02:04 08:19:55'
}
{
  message: 'Listening on port 9000 游游',
  level: '\x1B[32minfo\x1B[39m',
  timestamp: '2023:02:04 08:20:00'
}
{
  message: 'Database connected successfully! 九九',
  level: '\x1B[32minfo\x1B[39m',
  timestamp: '2023:02:04 08:20:00'
}
{
  message: 'Listening on port 9000 游游',
  level: '\x1B[32minfo\x1B[39m',
  timestamp: '2023:02:04 08:20:01'
}
{
  message: 'Database connected successfully! 九九',
  level: '\x1B[32minfo\x1B[39m',
  timestamp: '2023:02:04 08:20:01'
}
{
  message: 'Listening on port 9000 游游',
  level: '\x1B[32minfo\x1B[39m',
  timestamp: '2023:02:04 08:20:04'
}
{
  message: 'Database connected successfully! 九九',
  level: '\x1B[32minfo\x1B[39m',
  timestamp: '2023:02:04 08:20:04'
}
{
  message: 'Listening on port 9000 游游',
  level: '\x1B[32minfo\x1B[39m',
  timestamp: '2023:02:04 08:20:43'
}
{
  message: 'Database connected successfully! 九九',
  level: '\x1B[32minfo\x1B[39m',
  timestamp: '2023:02:04 08:20:43'
}
{
  message: 'Listening on port 9000 游游',
  level: '\x1B[32minfo\x1B[39m',
  timestamp: '2023:02:04 08:20:48'
}
{
  message: 'Database connected successfully! 九九',
  level: '\x1B[32minfo\x1B[39m',
  timestamp: '2023:02:04 08:20:48'
}
{
  message: 'Listening on port 9000 游游',
  level: '\x1B[32minfo\x1B[39m',
  timestamp: '2023:02:04 08:21:14'
}
{
  message: 'Database connected successfully! 九九',
  level: '\x1B[32minfo\x1B[39m',
  timestamp: '2023:02:04 08:21:14'
}
{
  message: 'Listening on port 9000 游游',
  level: '\x1B[32minfo\x1B[39m',
  timestamp: '2023:02:04 08:27:26'
}
{
  message: 'Database connected successfully! 九九',
  level: '\x1B[32minfo\x1B[39m',
  timestamp: '2023:02:04 08:27:26'
}
{
  message: 'Listening on port 9000 游游',
  level: '\x1B[32minfo\x1B[39m',
  timestamp: '2023:02:04 08:27:32'
}
{
  message: 'Database connected successfully! 九九',
  level: '\x1B[32minfo\x1B[39m',
  timestamp: '2023:02:04 08:27:32'
}
{
  message: 'Listening on port 9000 游游',
  level: '\x1B[32minfo\x1B[39m',
  timestamp: '2023:02:04 08:27:51'
}
{
  message: 'Database connected successfully! 九九',
  level: '\x1B[32minfo\x1B[39m',
  timestamp: '2023:02:04 08:27:51'
}
{
  message: 'Listening on port 9000 游游',
  level: '\x1B[32minfo\x1B[39m',
  timestamp: '2023:02:04 08:28:00'
}
{
  message: 'Database connected successfully! 九九',
  level: '\x1B[32minfo\x1B[39m',
  timestamp: '2023:02:04 08:28:00'
}
{
  message: 'Listening on port 9000 游游',
  level: '\x1B[32minfo\x1B[39m',
  timestamp: '2023:02:04 08:28:07'
}
{
  message: 'Database connected successfully! 九九',
  level: '\x1B[32minfo\x1B[39m',
  timestamp: '2023:02:04 08:28:07'
}
{
  message: 'Listening on port 9000 游游',
  level: '\x1B[32minfo\x1B[39m',
  timestamp: '2023:02:04 08:28:11'
}
{
  message: 'Database connected successfully! 九九',
  level: '\x1B[32minfo\x1B[39m',
  timestamp: '2023:02:04 08:28:11'
}
{
  message: 'Listening on port 9000 游游',
  level: '\x1B[32minfo\x1B[39m',
  timestamp: '2023:02:04 08:28:13'
}
{
  message: 'Database connected successfully! 九九',
  level: '\x1B[32minfo\x1B[39m',
  timestamp: '2023:02:04 08:28:13'
}
{
  message: 'Listening on port 9000 游游',
  level: '\x1B[32minfo\x1B[39m',
  timestamp: '2023:02:04 08:28:22'
}
{
  message: 'Database connected successfully! 九九',
  level: '\x1B[32minfo\x1B[39m',
  timestamp: '2023:02:04 08:28:22'
}
{
  message: 'Listening on port 9000 游游',
  level: '\x1B[32minfo\x1B[39m',
  timestamp: '2023:02:04 08:28:29'
}
{
  message: 'Database connected successfully! 九九',
  level: '\x1B[32minfo\x1B[39m',
  timestamp: '2023:02:04 08:28:29'
}
{
  message: 'Listening on port 9000 游游',
  level: '\x1B[32minfo\x1B[39m',
  timestamp: '2023:02:04 08:29:19'
}
{
  message: 'Database connected successfully! 九九',
  level: '\x1B[32minfo\x1B[39m',
  timestamp: '2023:02:04 08:29:19'
}
{
  message: 'Listening on port 9000 游游',
  level: '\x1B[32minfo\x1B[39m',
  timestamp: '2023:02:04 08:29:23'
}
{
  message: 'Database connected successfully! 九九',
  level: '\x1B[32minfo\x1B[39m',
  timestamp: '2023:02:04 08:29:23'
}
{
  message: 'Listening on port 9000 游游',
  level: '\x1B[32minfo\x1B[39m',
  timestamp: '2023:02:04 08:29:27'
}
{
  message: 'Database connected successfully! 九九',
  level: '\x1B[32minfo\x1B[39m',
  timestamp: '2023:02:04 08:29:27'
}
{
  message: 'Listening on port 9000 游游',
  level: '\x1B[32minfo\x1B[39m',
  timestamp: '2023:02:04 08:29:33'
}
{
  message: 'Database connected successfully! 九九',
  level: '\x1B[32minfo\x1B[39m',
  timestamp: '2023:02:04 08:29:33'
}
{
  message: 'Listening on port 9000 游游',
  level: '\x1B[32minfo\x1B[39m',
  timestamp: '2023:02:04 08:29:46'
}
{
  message: 'Database connected successfully! 九九',
  level: '\x1B[32minfo\x1B[39m',
  timestamp: '2023:02:04 08:29:46'
}
{
  message: 'Listening on port 9000 游游',
  level: '\x1B[32minfo\x1B[39m',
  timestamp: '2023:02:04 08:29:49'
}
{
  message: 'Database connected successfully! 九九',
  level: '\x1B[32minfo\x1B[39m',
  timestamp: '2023:02:04 08:29:49'
}
{
  message: 'Listening on port 9000 游游',
  level: '\x1B[32minfo\x1B[39m',
  timestamp: '2023:02:04 08:29:51'
}
{
  message: 'Database connected successfully! 九九',
  level: '\x1B[32minfo\x1B[39m',
  timestamp: '2023:02:04 08:29:51'
}
{
  message: 'Listening on port 9000 游游',
  level: '\x1B[32minfo\x1B[39m',
  timestamp: '2023:02:04 08:29:56'
}
{
  message: 'Database connected successfully! 九九',
  level: '\x1B[32minfo\x1B[39m',
  timestamp: '2023:02:04 08:29:56'
}
{
  message: 'Listening on port 9000 游游',
  level: '\x1B[32minfo\x1B[39m',
  timestamp: '2023:02:04 08:29:58'
}
{
  message: 'Database connected successfully! 九九',
  level: '\x1B[32minfo\x1B[39m',
  timestamp: '2023:02:04 08:29:58'
}
{
  message: 'Listening on port 9000 游游',
  level: '\x1B[32minfo\x1B[39m',
  timestamp: '2023:02:04 08:30:00'
}
{
  message: 'Database connected successfully! 九九',
  level: '\x1B[32minfo\x1B[39m',
  timestamp: '2023:02:04 08:30:00'
}
{
  message: 'Listening on port 9000 游游',
  level: '\x1B[32minfo\x1B[39m',
  timestamp: '2023:02:04 08:30:10'
}
{
  message: 'Database connected successfully! 九九',
  level: '\x1B[32minfo\x1B[39m',
  timestamp: '2023:02:04 08:30:10'
}
{
  message: 'Listening on port 9000 游游',
  level: '\x1B[32minfo\x1B[39m',
  timestamp: '2023:02:04 08:30:22'
}
{
  message: 'Database connected successfully! 九九',
  level: '\x1B[32minfo\x1B[39m',
  timestamp: '2023:02:04 08:30:22'
}
{
  message: 'Listening on port 9000 游游',
  level: '\x1B[32minfo\x1B[39m',
  timestamp: '2023:02:04 08:30:47'
}
{
  message: 'Database connected successfully! 九九',
  level: '\x1B[32minfo\x1B[39m',
  timestamp: '2023:02:04 08:30:47'
}
{
  message: 'Listening on port 9000 游游',
  level: '\x1B[32minfo\x1B[39m',
  timestamp: '2023:02:04 08:30:55'
}
{
  message: 'Database connected successfully! 九九',
  level: '\x1B[32minfo\x1B[39m',
  timestamp: '2023:02:04 08:30:55'
}
{
  message: 'Listening on port 9000 游游',
  level: '\x1B[32minfo\x1B[39m',
  timestamp: '2023:02:04 08:30:58'
}
{
  message: 'Database connected successfully! 九九',
  level: '\x1B[32minfo\x1B[39m',
  timestamp: '2023:02:04 08:30:58'
}
{
  message: 'Listening on port 9000 游游',
  level: '\x1B[32minfo\x1B[39m',
  timestamp: '2023:02:04 08:31:07'
}
{
  message: 'Database connected successfully! 九九',
  level: '\x1B[32minfo\x1B[39m',
  timestamp: '2023:02:04 08:31:07'
}
{
  message: 'Listening on port 9000 游游',
  level: '\x1B[32minfo\x1B[39m',
  timestamp: '2023:02:04 08:31:10'
}
{
  message: 'Database connected successfully! 九九',
  level: '\x1B[32minfo\x1B[39m',
  timestamp: '2023:02:04 08:31:10'
}
{
  message: 'Listening on port 9000 游游',
  level: '\x1B[32minfo\x1B[39m',
  timestamp: '2023:02:04 08:31:18'
}
{
  message: 'Database connected successfully! 九九',
  level: '\x1B[32minfo\x1B[39m',
  timestamp: '2023:02:04 08:31:18'
}
{
  message: 'Listening on port 9000 游游',
  level: '\x1B[32minfo\x1B[39m',
  timestamp: '2023:02:04 08:31:25'
}
{
  message: 'Database connected successfully! 九九',
  level: '\x1B[32minfo\x1B[39m',
  timestamp: '2023:02:04 08:31:25'
}
{
  message: 'Listening on port 9000 游游',
  level: '\x1B[32minfo\x1B[39m',
  timestamp: '2023:02:04 08:31:31'
}
{
  message: 'Database connected successfully! 九九',
  level: '\x1B[32minfo\x1B[39m',
  timestamp: '2023:02:04 08:31:31'
}
{
  message: 'Listening on port 9000 游游',
  level: '\x1B[32minfo\x1B[39m',
  timestamp: '2023:02:04 08:31:35'
}
{
  message: 'Database connected successfully! 九九',
  level: '\x1B[32minfo\x1B[39m',
  timestamp: '2023:02:04 08:31:35'
}
{
  message: 'Listening on port 9000 游游',
  level: '\x1B[32minfo\x1B[39m',
  timestamp: '2023:02:04 08:31:41'
}
{
  message: 'Database connected successfully! 九九',
  level: '\x1B[32minfo\x1B[39m',
  timestamp: '2023:02:04 08:31:41'
}
{
  message: 'Listening on port 9000 游游',
  level: '\x1B[32minfo\x1B[39m',
  timestamp: '2023:02:04 08:31:43'
}
{
  message: 'Database connected successfully! 九九',
  level: '\x1B[32minfo\x1B[39m',
  timestamp: '2023:02:04 08:31:43'
}
{
  message: 'Listening on port 9000 游游',
  level: '\x1B[32minfo\x1B[39m',
  timestamp: '2023:02:04 08:31:44'
}
{
  message: 'Database connected successfully! 九九',
  level: '\x1B[32minfo\x1B[39m',
  timestamp: '2023:02:04 08:31:44'
}
{
  message: 'Listening on port 9000 游游',
  level: '\x1B[32minfo\x1B[39m',
  timestamp: '2023:02:04 08:31:46'
}
{
  message: 'Database connected successfully! 九九',
  level: '\x1B[32minfo\x1B[39m',
  timestamp: '2023:02:04 08:31:46'
}
{
  message: 'Listening on port 9000 游游',
  level: '\x1B[32minfo\x1B[39m',
  timestamp: '2023:02:04 08:31:51'
}
{
  message: 'Database connected successfully! 九九',
  level: '\x1B[32minfo\x1B[39m',
  timestamp: '2023:02:04 08:31:51'
}
{
  message: 'Listening on port 9000 游游',
  level: '\x1B[32minfo\x1B[39m',
  timestamp: '2023:02:04 08:31:52'
}
{
  message: 'Database connected successfully! 九九',
  level: '\x1B[32minfo\x1B[39m',
  timestamp: '2023:02:04 08:31:52'
}
{
  message: 'Listening on port 9000 游游',
  level: '\x1B[32minfo\x1B[39m',
  timestamp: '2023:02:04 08:31:55'
}
{
  message: 'Database connected successfully! 九九',
  level: '\x1B[32minfo\x1B[39m',
  timestamp: '2023:02:04 08:31:55'
}
{
  message: 'Listening on port 9000 游游',
  level: '\x1B[32minfo\x1B[39m',
  timestamp: '2023:02:04 08:32:03'
}
{
  message: 'Database connected successfully! 九九',
  level: '\x1B[32minfo\x1B[39m',
  timestamp: '2023:02:04 08:32:03'
}
{
  message: 'Listening on port 9000 游游',
  level: '\x1B[32minfo\x1B[39m',
  timestamp: '2023:02:04 08:32:14'
}
{
  message: 'Database connected successfully! 九九',
  level: '\x1B[32minfo\x1B[39m',
  timestamp: '2023:02:04 08:32:14'
}
{
  message: 'Listening on port 9000 游游',
  level: '\x1B[32minfo\x1B[39m',
  timestamp: '2023:02:04 08:32:44'
}
{
  message: 'Database connected successfully! 九九',
  level: '\x1B[32minfo\x1B[39m',
  timestamp: '2023:02:04 08:32:44'
}
{
  message: 'Listening on port 9000 游游',
  level: '\x1B[32minfo\x1B[39m',
  timestamp: '2023:02:04 08:33:04'
}
{
  message: 'Database connected successfully! 九九',
  level: '\x1B[32minfo\x1B[39m',
  timestamp: '2023:02:04 08:33:04'
}
{
  message: 'Listening on port 9000 游游',
  level: '\x1B[32minfo\x1B[39m',
  timestamp: '2023:02:04 08:33:08'
}
{
  message: 'Database connected successfully! 九九',
  level: '\x1B[32minfo\x1B[39m',
  timestamp: '2023:02:04 08:33:08'
}
{
  message: 'Listening on port 9000 游游',
  level: '\x1B[32minfo\x1B[39m',
  timestamp: '2023:02:04 08:33:12'
}
{
  message: 'Database connected successfully! 九九',
  level: '\x1B[32minfo\x1B[39m',
  timestamp: '2023:02:04 08:33:12'
}
{
  message: 'Listening on port 9000 游游',
  level: '\x1B[32minfo\x1B[39m',
  timestamp: '2023:02:04 08:33:13'
}
{
  message: 'Database connected successfully! 九九',
  level: '\x1B[32minfo\x1B[39m',
  timestamp: '2023:02:04 08:33:13'
}
{
  message: 'Listening on port 9000 游游',
  level: '\x1B[32minfo\x1B[39m',
  timestamp: '2023:02:04 08:34:29'
}
{
  message: 'Database connected successfully! 九九',
  level: '\x1B[32minfo\x1B[39m',
  timestamp: '2023:02:04 08:34:29'
}
{
  message: 'Listening on port 9000 游游',
  level: '\x1B[32minfo\x1B[39m',
  timestamp: '2023:02:04 08:34:31'
}
{
  message: 'Database connected successfully! 九九',
  level: '\x1B[32minfo\x1B[39m',
  timestamp: '2023:02:04 08:34:31'
}
{
  message: 'Listening on port 9000 游游',
  level: '\x1B[32minfo\x1B[39m',
  timestamp: '2023:02:04 08:34:33'
}
{
  message: 'Database connected successfully! 九九',
  level: '\x1B[32minfo\x1B[39m',
  timestamp: '2023:02:04 08:34:33'
}
{
  message: 'Listening on port 9000 游游',
  level: '\x1B[32minfo\x1B[39m',
  timestamp: '2023:02:04 08:34:41'
}
{
  message: 'Database connected successfully! 九九',
  level: '\x1B[32minfo\x1B[39m',
  timestamp: '2023:02:04 08:34:41'
}
{
  message: 'Listening on port 9000 游游',
  level: '\x1B[32minfo\x1B[39m',
  timestamp: '2023:02:04 08:34:55'
}
{
  message: 'Database connected successfully! 九九',
  level: '\x1B[32minfo\x1B[39m',
  timestamp: '2023:02:04 08:34:55'
}
{
  message: 'Listening on port 9000 游游',
  level: '\x1B[32minfo\x1B[39m',
  timestamp: '2023:02:04 08:35:01'
}
{
  message: 'Database connected successfully! 九九',
  level: '\x1B[32minfo\x1B[39m',
  timestamp: '2023:02:04 08:35:01'
}
{
  message: 'Listening on port 9000 游游',
  level: '\x1B[32minfo\x1B[39m',
  timestamp: '2023:02:04 08:35:09'
}
{
  message: 'Database connected successfully! 九九',
  level: '\x1B[32minfo\x1B[39m',
  timestamp: '2023:02:04 08:35:09'
}
{
  message: 'Listening on port 9000 游游',
  level: '\x1B[32minfo\x1B[39m',
  timestamp: '2023:02:04 08:37:38'
}
{
  message: 'Database connected successfully! 九九',
  level: '\x1B[32minfo\x1B[39m',
  timestamp: '2023:02:04 08:37:38'
}
{
  message: 'Listening on port 9000 游游',
  level: '\x1B[32minfo\x1B[39m',
  timestamp: '2023:02:04 08:46:31'
}
{
  message: 'Database connected successfully! 九九',
  level: '\x1B[32minfo\x1B[39m',
  timestamp: '2023:02:04 08:46:31'
}
